11/27/2025, 4:02:36 PM GMT-3 [Modules] Modules initializing
11/27/2025, 4:02:36 PM GMT-3 [Modules] Distribution: remote
11/27/2025, 4:02:36 PM GMT-3 [Modules] Host updates: enabled
11/27/2025, 4:02:36 PM GMT-3 [Modules] Module updates: enabled
11/27/2025, 4:02:36 PM GMT-3 [Modules] Module install path: /home/cappra/.config/discord/0.0.116/modules
11/27/2025, 4:02:36 PM GMT-3 [Modules] Module installed file path: /home/cappra/.config/discord/0.0.116/modules/installed.json
11/27/2025, 4:02:36 PM GMT-3 [Modules] Module download path: /home/cappra/.config/discord/0.0.116/modules/pending
11/27/2025, 4:02:37 PM GMT-3 [Modules] Bootstrapping...
11/27/2025, 4:02:37 PM GMT-3 [Modules] Installing discord_desktop_core@0 from /opt/discord/resources/bootstrap/discord_desktop_core.zip
11/27/2025, 4:02:37 PM GMT-3 [Modules] Failed installing discord_desktop_core@0: Error: ENOENT: no such file or directory, open '/opt/discord/resources/bootstrap/discord_desktop_core.zip'
11/27/2025, 4:02:37 PM GMT-3 [Modules] Installing discord_erlpack@0 from /opt/discord/resources/bootstrap/discord_erlpack.zip
11/27/2025, 4:02:37 PM GMT-3 [Modules] Failed installing discord_erlpack@0: Error: ENOENT: no such file or directory, open '/opt/discord/resources/bootstrap/discord_erlpack.zip'
11/27/2025, 4:02:37 PM GMT-3 [Modules] Installing discord_spellcheck@0 from /opt/discord/resources/bootstrap/discord_spellcheck.zip
11/27/2025, 4:02:37 PM GMT-3 [Modules] Failed installing discord_spellcheck@0: Error: ENOENT: no such file or directory, open '/opt/discord/resources/bootstrap/discord_spellcheck.zip'
11/27/2025, 4:02:37 PM GMT-3 [Modules] Installing discord_utils@0 from /opt/discord/resources/bootstrap/discord_utils.zip
11/27/2025, 4:02:37 PM GMT-3 [Modules] Failed installing discord_utils@0: Error: ENOENT: no such file or directory, open '/opt/discord/resources/bootstrap/discord_utils.zip'
11/27/2025, 4:02:37 PM GMT-3 [Modules] Installing discord_voice@0 from /opt/discord/resources/bootstrap/discord_voice.zip
11/27/2025, 4:02:37 PM GMT-3 [Modules] Failed installing discord_voice@0: Error: ENOENT: no such file or directory, open '/opt/discord/resources/bootstrap/discord_voice.zip'
11/27/2025, 4:02:37 PM GMT-3 [Modules] Installing discord_zstd@0 from /opt/discord/resources/bootstrap/discord_zstd.zip
11/27/2025, 4:02:37 PM GMT-3 [Modules] Failed installing discord_zstd@0: Error: ENOENT: no such file or directory, open '/opt/discord/resources/bootstrap/discord_zstd.zip'
11/27/2025, 4:02:37 PM GMT-3 [Modules] Finished module installations. [success: 0] [failure: 6]
11/27/2025, 4:02:37 PM GMT-3 [Modules] Checking for host updates.
11/27/2025, 4:02:37 PM GMT-3 [Modules] Host is up to date.
11/27/2025, 4:02:37 PM GMT-3 [Modules] Checking for module updates at https://discord.com/api/modules/stable/versions.json
11/27/2025, 4:02:37 PM GMT-3 [Modules] Module update available: discord_desktop_core@1 [installed: 0]
11/27/2025, 4:02:37 PM GMT-3 [Modules] Module update available: discord_erlpack@1 [installed: 0]
11/27/2025, 4:02:37 PM GMT-3 [Modules] Module update available: discord_spellcheck@1 [installed: 0]
11/27/2025, 4:02:37 PM GMT-3 [Modules] Module update available: discord_utils@1 [installed: 0]
11/27/2025, 4:02:37 PM GMT-3 [Modules] Module update available: discord_voice@1 [installed: 0]
11/27/2025, 4:02:37 PM GMT-3 [Modules] Module update available: discord_zstd@1 [installed: 0]
11/27/2025, 4:02:37 PM GMT-3 [Modules] Fetching discord_desktop_core@1 from https://discord.com/api/modules/stable/discord_desktop_core/1
11/27/2025, 4:02:37 PM GMT-3 [Modules] Streaming discord_desktop_core@1 to /home/cappra/.config/discord/0.0.116/modules/pending/discord_desktop_core-1.zip
11/27/2025, 4:02:38 PM GMT-3 [Modules] Streaming discord_desktop_core@1 to /home/cappra/.config/discord/0.0.116/modules/pending/discord_desktop_core-1.zip: 1%
11/27/2025, 4:02:38 PM GMT-3 [Modules] Streaming discord_desktop_core@1 to /home/cappra/.config/discord/0.0.116/modules/pending/discord_desktop_core-1.zip: 2%
11/27/2025, 4:02:38 PM GMT-3 [Modules] Streaming discord_desktop_core@1 to /home/cappra/.config/discord/0.0.116/modules/pending/discord_desktop_core-1.zip: 3%
11/27/2025, 4:02:38 PM GMT-3 [Modules] Streaming discord_desktop_core@1 to /home/cappra/.config/discord/0.0.116/modules/pending/discord_desktop_core-1.zip: 4%
11/27/2025, 4:02:38 PM GMT-3 [Modules] Streaming discord_desktop_core@1 to /home/cappra/.config/discord/0.0.116/modules/pending/discord_desktop_core-1.zip: 6%
11/27/2025, 4:02:38 PM GMT-3 [Modules] Streaming discord_desktop_core@1 to /home/cappra/.config/discord/0.0.116/modules/pending/discord_desktop_core-1.zip: 7%
11/27/2025, 4:02:39 PM GMT-3 [Modules] Streaming discord_desktop_core@1 to /home/cappra/.config/discord/0.0.116/modules/pending/discord_desktop_core-1.zip: 8%
11/27/2025, 4:02:39 PM GMT-3 [Modules] Streaming discord_desktop_core@1 to /home/cappra/.config/discord/0.0.116/modules/pending/discord_desktop_core-1.zip: 9%
11/27/2025, 4:02:39 PM GMT-3 [Modules] Streaming discord_desktop_core@1 to /home/cappra/.config/discord/0.0.116/modules/pending/discord_desktop_core-1.zip: 10%
11/27/2025, 4:02:39 PM GMT-3 [Modules] Streaming discord_desktop_core@1 to /home/cappra/.config/discord/0.0.116/modules/pending/discord_desktop_core-1.zip: 11%
11/27/2025, 4:02:39 PM GMT-3 [Modules] Streaming discord_desktop_core@1 to /home/cappra/.config/discord/0.0.116/modules/pending/discord_desktop_core-1.zip: 12%
11/27/2025, 4:02:39 PM GMT-3 [Modules] Streaming discord_desktop_core@1 to /home/cappra/.config/discord/0.0.116/modules/pending/discord_desktop_core-1.zip: 13%
11/27/2025, 4:02:39 PM GMT-3 [Modules] Streaming discord_desktop_core@1 to /home/cappra/.config/discord/0.0.116/modules/pending/discord_desktop_core-1.zip: 14%
11/27/2025, 4:02:39 PM GMT-3 [Modules] Streaming discord_desktop_core@1 to /home/cappra/.config/discord/0.0.116/modules/pending/discord_desktop_core-1.zip: 15%
11/27/2025, 4:02:39 PM GMT-3 [Modules] Streaming discord_desktop_core@1 to /home/cappra/.config/discord/0.0.116/modules/pending/discord_desktop_core-1.zip: 16%
11/27/2025, 4:02:39 PM GMT-3 [Modules] Streaming discord_desktop_core@1 to /home/cappra/.config/discord/0.0.116/modules/pending/discord_desktop_core-1.zip: 17%
11/27/2025, 4:02:39 PM GMT-3 [Modules] Streaming discord_desktop_core@1 to /home/cappra/.config/discord/0.0.116/modules/pending/discord_desktop_core-1.zip: 18%
11/27/2025, 4:02:39 PM GMT-3 [Modules] Streaming discord_desktop_core@1 to /home/cappra/.config/discord/0.0.116/modules/pending/discord_desktop_core-1.zip: 19%
11/27/2025, 4:02:39 PM GMT-3 [Modules] Streaming discord_desktop_core@1 to /home/cappra/.config/discord/0.0.116/modules/pending/discord_desktop_core-1.zip: 20%
11/27/2025, 4:02:39 PM GMT-3 [Modules] Streaming discord_desktop_core@1 to /home/cappra/.config/discord/0.0.116/modules/pending/discord_desktop_core-1.zip: 21%
11/27/2025, 4:02:39 PM GMT-3 [Modules] Streaming discord_desktop_core@1 to /home/cappra/.config/discord/0.0.116/modules/pending/discord_desktop_core-1.zip: 22%
11/27/2025, 4:02:39 PM GMT-3 [Modules] Streaming discord_desktop_core@1 to /home/cappra/.config/discord/0.0.116/modules/pending/discord_desktop_core-1.zip: 23%
11/27/2025, 4:02:39 PM GMT-3 [Modules] Streaming discord_desktop_core@1 to /home/cappra/.config/discord/0.0.116/modules/pending/discord_desktop_core-1.zip: 24%
11/27/2025, 4:02:39 PM GMT-3 [Modules] Streaming discord_desktop_core@1 to /home/cappra/.config/discord/0.0.116/modules/pending/discord_desktop_core-1.zip: 25%
11/27/2025, 4:02:39 PM GMT-3 [Modules] Streaming discord_desktop_core@1 to /home/cappra/.config/discord/0.0.116/modules/pending/discord_desktop_core-1.zip: 26%
11/27/2025, 4:02:39 PM GMT-3 [Modules] Streaming discord_desktop_core@1 to /home/cappra/.config/discord/0.0.116/modules/pending/discord_desktop_core-1.zip: 27%
11/27/2025, 4:02:39 PM GMT-3 [Modules] Streaming discord_desktop_core@1 to /home/cappra/.config/discord/0.0.116/modules/pending/discord_desktop_core-1.zip: 28%
11/27/2025, 4:02:39 PM GMT-3 [Modules] Streaming discord_desktop_core@1 to /home/cappra/.config/discord/0.0.116/modules/pending/discord_desktop_core-1.zip: 29%
11/27/2025, 4:02:39 PM GMT-3 [Modules] Streaming discord_desktop_core@1 to /home/cappra/.config/discord/0.0.116/modules/pending/discord_desktop_core-1.zip: 30%
11/27/2025, 4:02:39 PM GMT-3 [Modules] Streaming discord_desktop_core@1 to /home/cappra/.config/discord/0.0.116/modules/pending/discord_desktop_core-1.zip: 31%
11/27/2025, 4:02:39 PM GMT-3 [Modules] Streaming discord_desktop_core@1 to /home/cappra/.config/discord/0.0.116/modules/pending/discord_desktop_core-1.zip: 33%
11/27/2025, 4:02:39 PM GMT-3 [Modules] Streaming discord_desktop_core@1 to /home/cappra/.config/discord/0.0.116/modules/pending/discord_desktop_core-1.zip: 34%
11/27/2025, 4:02:39 PM GMT-3 [Modules] Streaming discord_desktop_core@1 to /home/cappra/.config/discord/0.0.116/modules/pending/discord_desktop_core-1.zip: 35%
11/27/2025, 4:02:39 PM GMT-3 [Modules] Streaming discord_desktop_core@1 to /home/cappra/.config/discord/0.0.116/modules/pending/discord_desktop_core-1.zip: 36%
11/27/2025, 4:02:39 PM GMT-3 [Modules] Streaming discord_desktop_core@1 to /home/cappra/.config/discord/0.0.116/modules/pending/discord_desktop_core-1.zip: 37%
11/27/2025, 4:02:39 PM GMT-3 [Modules] Streaming discord_desktop_core@1 to /home/cappra/.config/discord/0.0.116/modules/pending/discord_desktop_core-1.zip: 38%
11/27/2025, 4:02:39 PM GMT-3 [Modules] Streaming discord_desktop_core@1 to /home/cappra/.config/discord/0.0.116/modules/pending/discord_desktop_core-1.zip: 39%
11/27/2025, 4:02:39 PM GMT-3 [Modules] Streaming discord_desktop_core@1 to /home/cappra/.config/discord/0.0.116/modules/pending/discord_desktop_core-1.zip: 40%
11/27/2025, 4:02:39 PM GMT-3 [Modules] Streaming discord_desktop_core@1 to /home/cappra/.config/discord/0.0.116/modules/pending/discord_desktop_core-1.zip: 41%
11/27/2025, 4:02:39 PM GMT-3 [Modules] Streaming discord_desktop_core@1 to /home/cappra/.config/discord/0.0.116/modules/pending/discord_desktop_core-1.zip: 42%
11/27/2025, 4:02:39 PM GMT-3 [Modules] Streaming discord_desktop_core@1 to /home/cappra/.config/discord/0.0.116/modules/pending/discord_desktop_core-1.zip: 43%
11/27/2025, 4:02:39 PM GMT-3 [Modules] Streaming discord_desktop_core@1 to /home/cappra/.config/discord/0.0.116/modules/pending/discord_desktop_core-1.zip: 44%
11/27/2025, 4:02:39 PM GMT-3 [Modules] Streaming discord_desktop_core@1 to /home/cappra/.config/discord/0.0.116/modules/pending/discord_desktop_core-1.zip: 45%
11/27/2025, 4:02:39 PM GMT-3 [Modules] Streaming discord_desktop_core@1 to /home/cappra/.config/discord/0.0.116/modules/pending/discord_desktop_core-1.zip: 46%
11/27/2025, 4:02:39 PM GMT-3 [Modules] Streaming discord_desktop_core@1 to /home/cappra/.config/discord/0.0.116/modules/pending/discord_desktop_core-1.zip: 47%
11/27/2025, 4:02:39 PM GMT-3 [Modules] Streaming discord_desktop_core@1 to /home/cappra/.config/discord/0.0.116/modules/pending/discord_desktop_core-1.zip: 48%
11/27/2025, 4:02:39 PM GMT-3 [Modules] Streaming discord_desktop_core@1 to /home/cappra/.config/discord/0.0.116/modules/pending/discord_desktop_core-1.zip: 49%
11/27/2025, 4:02:39 PM GMT-3 [Modules] Streaming discord_desktop_core@1 to /home/cappra/.config/discord/0.0.116/modules/pending/discord_desktop_core-1.zip: 50%
11/27/2025, 4:02:39 PM GMT-3 [Modules] Streaming discord_desktop_core@1 to /home/cappra/.config/discord/0.0.116/modules/pending/discord_desktop_core-1.zip: 51%
11/27/2025, 4:02:39 PM GMT-3 [Modules] Streaming discord_desktop_core@1 to /home/cappra/.config/discord/0.0.116/modules/pending/discord_desktop_core-1.zip: 52%
11/27/2025, 4:02:39 PM GMT-3 [Modules] Streaming discord_desktop_core@1 to /home/cappra/.config/discord/0.0.116/modules/pending/discord_desktop_core-1.zip: 53%
11/27/2025, 4:02:39 PM GMT-3 [Modules] Streaming discord_desktop_core@1 to /home/cappra/.config/discord/0.0.116/modules/pending/discord_desktop_core-1.zip: 54%
11/27/2025, 4:02:39 PM GMT-3 [Modules] Streaming discord_desktop_core@1 to /home/cappra/.config/discord/0.0.116/modules/pending/discord_desktop_core-1.zip: 55%
11/27/2025, 4:02:39 PM GMT-3 [Modules] Streaming discord_desktop_core@1 to /home/cappra/.config/discord/0.0.116/modules/pending/discord_desktop_core-1.zip: 56%
11/27/2025, 4:02:39 PM GMT-3 [Modules] Streaming discord_desktop_core@1 to /home/cappra/.config/discord/0.0.116/modules/pending/discord_desktop_core-1.zip: 57%
11/27/2025, 4:02:39 PM GMT-3 [Modules] Streaming discord_desktop_core@1 to /home/cappra/.config/discord/0.0.116/modules/pending/discord_desktop_core-1.zip: 58%
11/27/2025, 4:02:39 PM GMT-3 [Modules] Streaming discord_desktop_core@1 to /home/cappra/.config/discord/0.0.116/modules/pending/discord_desktop_core-1.zip: 59%
11/27/2025, 4:02:39 PM GMT-3 [Modules] Streaming discord_desktop_core@1 to /home/cappra/.config/discord/0.0.116/modules/pending/discord_desktop_core-1.zip: 60%
11/27/2025, 4:02:39 PM GMT-3 [Modules] Streaming discord_desktop_core@1 to /home/cappra/.config/discord/0.0.116/modules/pending/discord_desktop_core-1.zip: 61%
11/27/2025, 4:02:39 PM GMT-3 [Modules] Streaming discord_desktop_core@1 to /home/cappra/.config/discord/0.0.116/modules/pending/discord_desktop_core-1.zip: 62%
11/27/2025, 4:02:39 PM GMT-3 [Modules] Streaming discord_desktop_core@1 to /home/cappra/.config/discord/0.0.116/modules/pending/discord_desktop_core-1.zip: 63%
11/27/2025, 4:02:39 PM GMT-3 [Modules] Streaming discord_desktop_core@1 to /home/cappra/.config/discord/0.0.116/modules/pending/discord_desktop_core-1.zip: 64%
11/27/2025, 4:02:39 PM GMT-3 [Modules] Streaming discord_desktop_core@1 to /home/cappra/.config/discord/0.0.116/modules/pending/discord_desktop_core-1.zip: 65%
11/27/2025, 4:02:39 PM GMT-3 [Modules] Streaming discord_desktop_core@1 to /home/cappra/.config/discord/0.0.116/modules/pending/discord_desktop_core-1.zip: 66%
11/27/2025, 4:02:39 PM GMT-3 [Modules] Streaming discord_desktop_core@1 to /home/cappra/.config/discord/0.0.116/modules/pending/discord_desktop_core-1.zip: 68%
11/27/2025, 4:02:39 PM GMT-3 [Modules] Streaming discord_desktop_core@1 to /home/cappra/.config/discord/0.0.116/modules/pending/discord_desktop_core-1.zip: 69%
11/27/2025, 4:02:39 PM GMT-3 [Modules] Streaming discord_desktop_core@1 to /home/cappra/.config/discord/0.0.116/modules/pending/discord_desktop_core-1.zip: 70%
11/27/2025, 4:02:39 PM GMT-3 [Modules] Streaming discord_desktop_core@1 to /home/cappra/.config/discord/0.0.116/modules/pending/discord_desktop_core-1.zip: 71%
11/27/2025, 4:02:39 PM GMT-3 [Modules] Streaming discord_desktop_core@1 to /home/cappra/.config/discord/0.0.116/modules/pending/discord_desktop_core-1.zip: 72%
11/27/2025, 4:02:39 PM GMT-3 [Modules] Streaming discord_desktop_core@1 to /home/cappra/.config/discord/0.0.116/modules/pending/discord_desktop_core-1.zip: 73%
11/27/2025, 4:02:39 PM GMT-3 [Modules] Streaming discord_desktop_core@1 to /home/cappra/.config/discord/0.0.116/modules/pending/discord_desktop_core-1.zip: 74%
11/27/2025, 4:02:40 PM GMT-3 [Modules] Streaming discord_desktop_core@1 to /home/cappra/.config/discord/0.0.116/modules/pending/discord_desktop_core-1.zip: 75%
11/27/2025, 4:02:40 PM GMT-3 [Modules] Streaming discord_desktop_core@1 to /home/cappra/.config/discord/0.0.116/modules/pending/discord_desktop_core-1.zip: 78%
11/27/2025, 4:02:40 PM GMT-3 [Modules] Streaming discord_desktop_core@1 to /home/cappra/.config/discord/0.0.116/modules/pending/discord_desktop_core-1.zip: 80%
11/27/2025, 4:02:40 PM GMT-3 [Modules] Streaming discord_desktop_core@1 to /home/cappra/.config/discord/0.0.116/modules/pending/discord_desktop_core-1.zip: 81%
11/27/2025, 4:02:40 PM GMT-3 [Modules] Streaming discord_desktop_core@1 to /home/cappra/.config/discord/0.0.116/modules/pending/discord_desktop_core-1.zip: 82%
11/27/2025, 4:02:40 PM GMT-3 [Modules] Streaming discord_desktop_core@1 to /home/cappra/.config/discord/0.0.116/modules/pending/discord_desktop_core-1.zip: 83%
11/27/2025, 4:02:40 PM GMT-3 [Modules] Streaming discord_desktop_core@1 to /home/cappra/.config/discord/0.0.116/modules/pending/discord_desktop_core-1.zip: 85%
11/27/2025, 4:02:40 PM GMT-3 [Modules] Streaming discord_desktop_core@1 to /home/cappra/.config/discord/0.0.116/modules/pending/discord_desktop_core-1.zip: 86%
11/27/2025, 4:02:40 PM GMT-3 [Modules] Streaming discord_desktop_core@1 to /home/cappra/.config/discord/0.0.116/modules/pending/discord_desktop_core-1.zip: 87%
11/27/2025, 4:02:40 PM GMT-3 [Modules] Streaming discord_desktop_core@1 to /home/cappra/.config/discord/0.0.116/modules/pending/discord_desktop_core-1.zip: 88%
11/27/2025, 4:02:40 PM GMT-3 [Modules] Streaming discord_desktop_core@1 to /home/cappra/.config/discord/0.0.116/modules/pending/discord_desktop_core-1.zip: 89%
11/27/2025, 4:02:40 PM GMT-3 [Modules] Streaming discord_desktop_core@1 to /home/cappra/.config/discord/0.0.116/modules/pending/discord_desktop_core-1.zip: 90%
11/27/2025, 4:02:40 PM GMT-3 [Modules] Streaming discord_desktop_core@1 to /home/cappra/.config/discord/0.0.116/modules/pending/discord_desktop_core-1.zip: 91%
11/27/2025, 4:02:40 PM GMT-3 [Modules] Streaming discord_desktop_core@1 to /home/cappra/.config/discord/0.0.116/modules/pending/discord_desktop_core-1.zip: 92%
11/27/2025, 4:02:40 PM GMT-3 [Modules] Streaming discord_desktop_core@1 to /home/cappra/.config/discord/0.0.116/modules/pending/discord_desktop_core-1.zip: 93%
11/27/2025, 4:02:40 PM GMT-3 [Modules] Streaming discord_desktop_core@1 to /home/cappra/.config/discord/0.0.116/modules/pending/discord_desktop_core-1.zip: 94%
11/27/2025, 4:02:40 PM GMT-3 [Modules] Streaming discord_desktop_core@1 to /home/cappra/.config/discord/0.0.116/modules/pending/discord_desktop_core-1.zip: 95%
11/27/2025, 4:02:40 PM GMT-3 [Modules] Streaming discord_desktop_core@1 to /home/cappra/.config/discord/0.0.116/modules/pending/discord_desktop_core-1.zip: 96%
11/27/2025, 4:02:40 PM GMT-3 [Modules] Streaming discord_desktop_core@1 to /home/cappra/.config/discord/0.0.116/modules/pending/discord_desktop_core-1.zip: 97%
11/27/2025, 4:02:40 PM GMT-3 [Modules] Streaming discord_desktop_core@1 to /home/cappra/.config/discord/0.0.116/modules/pending/discord_desktop_core-1.zip: 98%
11/27/2025, 4:02:40 PM GMT-3 [Modules] Streaming discord_desktop_core@1 to /home/cappra/.config/discord/0.0.116/modules/pending/discord_desktop_core-1.zip: 99%
11/27/2025, 4:02:40 PM GMT-3 [Modules] Streaming discord_desktop_core@1 to /home/cappra/.config/discord/0.0.116/modules/pending/discord_desktop_core-1.zip: 100%
11/27/2025, 4:02:40 PM GMT-3 [Modules] Fetching discord_erlpack@1 from https://discord.com/api/modules/stable/discord_erlpack/1
11/27/2025, 4:02:40 PM GMT-3 [Modules] Streaming discord_erlpack@1 to /home/cappra/.config/discord/0.0.116/modules/pending/discord_erlpack-1.zip
11/27/2025, 4:02:40 PM GMT-3 [Modules] Streaming discord_erlpack@1 to /home/cappra/.config/discord/0.0.116/modules/pending/discord_erlpack-1.zip: 1%
11/27/2025, 4:02:40 PM GMT-3 [Modules] Streaming discord_erlpack@1 to /home/cappra/.config/discord/0.0.116/modules/pending/discord_erlpack-1.zip: 2%
11/27/2025, 4:02:40 PM GMT-3 [Modules] Streaming discord_erlpack@1 to /home/cappra/.config/discord/0.0.116/modules/pending/discord_erlpack-1.zip: 3%
11/27/2025, 4:02:40 PM GMT-3 [Modules] Streaming discord_erlpack@1 to /home/cappra/.config/discord/0.0.116/modules/pending/discord_erlpack-1.zip: 4%
11/27/2025, 4:02:40 PM GMT-3 [Modules] Streaming discord_erlpack@1 to /home/cappra/.config/discord/0.0.116/modules/pending/discord_erlpack-1.zip: 5%
11/27/2025, 4:02:40 PM GMT-3 [Modules] Streaming discord_erlpack@1 to /home/cappra/.config/discord/0.0.116/modules/pending/discord_erlpack-1.zip: 6%
11/27/2025, 4:02:40 PM GMT-3 [Modules] Streaming discord_erlpack@1 to /home/cappra/.config/discord/0.0.116/modules/pending/discord_erlpack-1.zip: 7%
11/27/2025, 4:02:40 PM GMT-3 [Modules] Streaming discord_erlpack@1 to /home/cappra/.config/discord/0.0.116/modules/pending/discord_erlpack-1.zip: 8%
11/27/2025, 4:02:40 PM GMT-3 [Modules] Streaming discord_erlpack@1 to /home/cappra/.config/discord/0.0.116/modules/pending/discord_erlpack-1.zip: 9%
11/27/2025, 4:02:40 PM GMT-3 [Modules] Streaming discord_erlpack@1 to /home/cappra/.config/discord/0.0.116/modules/pending/discord_erlpack-1.zip: 10%
11/27/2025, 4:02:40 PM GMT-3 [Modules] Streaming discord_erlpack@1 to /home/cappra/.config/discord/0.0.116/modules/pending/discord_erlpack-1.zip: 11%
11/27/2025, 4:02:40 PM GMT-3 [Modules] Streaming discord_erlpack@1 to /home/cappra/.config/discord/0.0.116/modules/pending/discord_erlpack-1.zip: 13%
11/27/2025, 4:02:40 PM GMT-3 [Modules] Streaming discord_erlpack@1 to /home/cappra/.config/discord/0.0.116/modules/pending/discord_erlpack-1.zip: 14%
11/27/2025, 4:02:40 PM GMT-3 [Modules] Streaming discord_erlpack@1 to /home/cappra/.config/discord/0.0.116/modules/pending/discord_erlpack-1.zip: 17%
11/27/2025, 4:02:40 PM GMT-3 [Modules] Streaming discord_erlpack@1 to /home/cappra/.config/discord/0.0.116/modules/pending/discord_erlpack-1.zip: 18%
11/27/2025, 4:02:40 PM GMT-3 [Modules] Streaming discord_erlpack@1 to /home/cappra/.config/discord/0.0.116/modules/pending/discord_erlpack-1.zip: 20%
11/27/2025, 4:02:40 PM GMT-3 [Modules] Streaming discord_erlpack@1 to /home/cappra/.config/discord/0.0.116/modules/pending/discord_erlpack-1.zip: 21%
11/27/2025, 4:02:40 PM GMT-3 [Modules] Streaming discord_erlpack@1 to /home/cappra/.config/discord/0.0.116/modules/pending/discord_erlpack-1.zip: 23%
11/27/2025, 4:02:40 PM GMT-3 [Modules] Streaming discord_erlpack@1 to /home/cappra/.config/discord/0.0.116/modules/pending/discord_erlpack-1.zip: 24%
11/27/2025, 4:02:40 PM GMT-3 [Modules] Streaming discord_erlpack@1 to /home/cappra/.config/discord/0.0.116/modules/pending/discord_erlpack-1.zip: 25%
11/27/2025, 4:02:41 PM GMT-3 [Modules] Streaming discord_erlpack@1 to /home/cappra/.config/discord/0.0.116/modules/pending/discord_erlpack-1.zip: 26%
11/27/2025, 4:02:41 PM GMT-3 [Modules] Streaming discord_erlpack@1 to /home/cappra/.config/discord/0.0.116/modules/pending/discord_erlpack-1.zip: 28%
11/27/2025, 4:02:41 PM GMT-3 [Modules] Streaming discord_erlpack@1 to /home/cappra/.config/discord/0.0.116/modules/pending/discord_erlpack-1.zip: 29%
11/27/2025, 4:02:41 PM GMT-3 [Modules] Streaming discord_erlpack@1 to /home/cappra/.config/discord/0.0.116/modules/pending/discord_erlpack-1.zip: 30%
11/27/2025, 4:02:41 PM GMT-3 [Modules] Streaming discord_erlpack@1 to /home/cappra/.config/discord/0.0.116/modules/pending/discord_erlpack-1.zip: 32%
11/27/2025, 4:02:41 PM GMT-3 [Modules] Streaming discord_erlpack@1 to /home/cappra/.config/discord/0.0.116/modules/pending/discord_erlpack-1.zip: 33%
11/27/2025, 4:02:41 PM GMT-3 [Modules] Streaming discord_erlpack@1 to /home/cappra/.config/discord/0.0.116/modules/pending/discord_erlpack-1.zip: 34%
11/27/2025, 4:02:41 PM GMT-3 [Modules] Streaming discord_erlpack@1 to /home/cappra/.config/discord/0.0.116/modules/pending/discord_erlpack-1.zip: 37%
11/27/2025, 4:02:41 PM GMT-3 [Modules] Streaming discord_erlpack@1 to /home/cappra/.config/discord/0.0.116/modules/pending/discord_erlpack-1.zip: 39%
11/27/2025, 4:02:41 PM GMT-3 [Modules] Streaming discord_erlpack@1 to /home/cappra/.config/discord/0.0.116/modules/pending/discord_erlpack-1.zip: 42%
11/27/2025, 4:02:41 PM GMT-3 [Modules] Streaming discord_erlpack@1 to /home/cappra/.config/discord/0.0.116/modules/pending/discord_erlpack-1.zip: 44%
11/27/2025, 4:02:41 PM GMT-3 [Modules] Streaming discord_erlpack@1 to /home/cappra/.config/discord/0.0.116/modules/pending/discord_erlpack-1.zip: 48%
11/27/2025, 4:02:41 PM GMT-3 [Modules] Streaming discord_erlpack@1 to /home/cappra/.config/discord/0.0.116/modules/pending/discord_erlpack-1.zip: 50%
11/27/2025, 4:02:41 PM GMT-3 [Modules] Streaming discord_erlpack@1 to /home/cappra/.config/discord/0.0.116/modules/pending/discord_erlpack-1.zip: 53%
11/27/2025, 4:02:41 PM GMT-3 [Modules] Streaming discord_erlpack@1 to /home/cappra/.config/discord/0.0.116/modules/pending/discord_erlpack-1.zip: 57%
11/27/2025, 4:02:41 PM GMT-3 [Modules] Streaming discord_erlpack@1 to /home/cappra/.config/discord/0.0.116/modules/pending/discord_erlpack-1.zip: 60%
11/27/2025, 4:02:41 PM GMT-3 [Modules] Streaming discord_erlpack@1 to /home/cappra/.config/discord/0.0.116/modules/pending/discord_erlpack-1.zip: 61%
11/27/2025, 4:02:41 PM GMT-3 [Modules] Streaming discord_erlpack@1 to /home/cappra/.config/discord/0.0.116/modules/pending/discord_erlpack-1.zip: 63%
11/27/2025, 4:02:41 PM GMT-3 [Modules] Streaming discord_erlpack@1 to /home/cappra/.config/discord/0.0.116/modules/pending/discord_erlpack-1.zip: 64%
11/27/2025, 4:02:41 PM GMT-3 [Modules] Streaming discord_erlpack@1 to /home/cappra/.config/discord/0.0.116/modules/pending/discord_erlpack-1.zip: 67%
11/27/2025, 4:02:41 PM GMT-3 [Modules] Streaming discord_erlpack@1 to /home/cappra/.config/discord/0.0.116/modules/pending/discord_erlpack-1.zip: 69%
11/27/2025, 4:02:41 PM GMT-3 [Modules] Streaming discord_erlpack@1 to /home/cappra/.config/discord/0.0.116/modules/pending/discord_erlpack-1.zip: 70%
11/27/2025, 4:02:41 PM GMT-3 [Modules] Streaming discord_erlpack@1 to /home/cappra/.config/discord/0.0.116/modules/pending/discord_erlpack-1.zip: 71%
11/27/2025, 4:02:41 PM GMT-3 [Modules] Streaming discord_erlpack@1 to /home/cappra/.config/discord/0.0.116/modules/pending/discord_erlpack-1.zip: 74%
11/27/2025, 4:02:41 PM GMT-3 [Modules] Streaming discord_erlpack@1 to /home/cappra/.config/discord/0.0.116/modules/pending/discord_erlpack-1.zip: 75%
11/27/2025, 4:02:41 PM GMT-3 [Modules] Streaming discord_erlpack@1 to /home/cappra/.config/discord/0.0.116/modules/pending/discord_erlpack-1.zip: 76%
11/27/2025, 4:02:41 PM GMT-3 [Modules] Streaming discord_erlpack@1 to /home/cappra/.config/discord/0.0.116/modules/pending/discord_erlpack-1.zip: 78%
11/27/2025, 4:02:41 PM GMT-3 [Modules] Streaming discord_erlpack@1 to /home/cappra/.config/discord/0.0.116/modules/pending/discord_erlpack-1.zip: 79%
11/27/2025, 4:02:41 PM GMT-3 [Modules] Streaming discord_erlpack@1 to /home/cappra/.config/discord/0.0.116/modules/pending/discord_erlpack-1.zip: 80%
11/27/2025, 4:02:41 PM GMT-3 [Modules] Streaming discord_erlpack@1 to /home/cappra/.config/discord/0.0.116/modules/pending/discord_erlpack-1.zip: 81%
11/27/2025, 4:02:41 PM GMT-3 [Modules] Streaming discord_erlpack@1 to /home/cappra/.config/discord/0.0.116/modules/pending/discord_erlpack-1.zip: 83%
11/27/2025, 4:02:41 PM GMT-3 [Modules] Streaming discord_erlpack@1 to /home/cappra/.config/discord/0.0.116/modules/pending/discord_erlpack-1.zip: 85%
11/27/2025, 4:02:41 PM GMT-3 [Modules] Streaming discord_erlpack@1 to /home/cappra/.config/discord/0.0.116/modules/pending/discord_erlpack-1.zip: 88%
11/27/2025, 4:02:41 PM GMT-3 [Modules] Streaming discord_erlpack@1 to /home/cappra/.config/discord/0.0.116/modules/pending/discord_erlpack-1.zip: 89%
11/27/2025, 4:02:41 PM GMT-3 [Modules] Streaming discord_erlpack@1 to /home/cappra/.config/discord/0.0.116/modules/pending/discord_erlpack-1.zip: 92%
11/27/2025, 4:02:41 PM GMT-3 [Modules] Streaming discord_erlpack@1 to /home/cappra/.config/discord/0.0.116/modules/pending/discord_erlpack-1.zip: 95%
11/27/2025, 4:02:41 PM GMT-3 [Modules] Streaming discord_erlpack@1 to /home/cappra/.config/discord/0.0.116/modules/pending/discord_erlpack-1.zip: 96%
11/27/2025, 4:02:41 PM GMT-3 [Modules] Streaming discord_erlpack@1 to /home/cappra/.config/discord/0.0.116/modules/pending/discord_erlpack-1.zip: 97%
11/27/2025, 4:02:41 PM GMT-3 [Modules] Streaming discord_erlpack@1 to /home/cappra/.config/discord/0.0.116/modules/pending/discord_erlpack-1.zip: 100%
11/27/2025, 4:02:41 PM GMT-3 [Modules] Fetching discord_spellcheck@1 from https://discord.com/api/modules/stable/discord_spellcheck/1
11/27/2025, 4:02:41 PM GMT-3 [Modules] Streaming discord_spellcheck@1 to /home/cappra/.config/discord/0.0.116/modules/pending/discord_spellcheck-1.zip
11/27/2025, 4:02:41 PM GMT-3 [Modules] Streaming discord_spellcheck@1 to /home/cappra/.config/discord/0.0.116/modules/pending/discord_spellcheck-1.zip: 1%
11/27/2025, 4:02:41 PM GMT-3 [Modules] Streaming discord_spellcheck@1 to /home/cappra/.config/discord/0.0.116/modules/pending/discord_spellcheck-1.zip: 2%
11/27/2025, 4:02:42 PM GMT-3 [Modules] Streaming discord_spellcheck@1 to /home/cappra/.config/discord/0.0.116/modules/pending/discord_spellcheck-1.zip: 4%
11/27/2025, 4:02:42 PM GMT-3 [Modules] Streaming discord_spellcheck@1 to /home/cappra/.config/discord/0.0.116/modules/pending/discord_spellcheck-1.zip: 5%
11/27/2025, 4:02:42 PM GMT-3 [Modules] Streaming discord_spellcheck@1 to /home/cappra/.config/discord/0.0.116/modules/pending/discord_spellcheck-1.zip: 6%
11/27/2025, 4:02:42 PM GMT-3 [Modules] Streaming discord_spellcheck@1 to /home/cappra/.config/discord/0.0.116/modules/pending/discord_spellcheck-1.zip: 7%
11/27/2025, 4:02:42 PM GMT-3 [Modules] Streaming discord_spellcheck@1 to /home/cappra/.config/discord/0.0.116/modules/pending/discord_spellcheck-1.zip: 8%
11/27/2025, 4:02:42 PM GMT-3 [Modules] Streaming discord_spellcheck@1 to /home/cappra/.config/discord/0.0.116/modules/pending/discord_spellcheck-1.zip: 9%
11/27/2025, 4:02:42 PM GMT-3 [Modules] Streaming discord_spellcheck@1 to /home/cappra/.config/discord/0.0.116/modules/pending/discord_spellcheck-1.zip: 10%
11/27/2025, 4:02:42 PM GMT-3 [Modules] Streaming discord_spellcheck@1 to /home/cappra/.config/discord/0.0.116/modules/pending/discord_spellcheck-1.zip: 11%
11/27/2025, 4:02:42 PM GMT-3 [Modules] Streaming discord_spellcheck@1 to /home/cappra/.config/discord/0.0.116/modules/pending/discord_spellcheck-1.zip: 12%
11/27/2025, 4:02:42 PM GMT-3 [Modules] Streaming discord_spellcheck@1 to /home/cappra/.config/discord/0.0.116/modules/pending/discord_spellcheck-1.zip: 13%
11/27/2025, 4:02:42 PM GMT-3 [Modules] Streaming discord_spellcheck@1 to /home/cappra/.config/discord/0.0.116/modules/pending/discord_spellcheck-1.zip: 14%
11/27/2025, 4:02:42 PM GMT-3 [Modules] Streaming discord_spellcheck@1 to /home/cappra/.config/discord/0.0.116/modules/pending/discord_spellcheck-1.zip: 15%
11/27/2025, 4:02:42 PM GMT-3 [Modules] Streaming discord_spellcheck@1 to /home/cappra/.config/discord/0.0.116/modules/pending/discord_spellcheck-1.zip: 16%
11/27/2025, 4:02:42 PM GMT-3 [Modules] Streaming discord_spellcheck@1 to /home/cappra/.config/discord/0.0.116/modules/pending/discord_spellcheck-1.zip: 17%
11/27/2025, 4:02:42 PM GMT-3 [Modules] Streaming discord_spellcheck@1 to /home/cappra/.config/discord/0.0.116/modules/pending/discord_spellcheck-1.zip: 18%
11/27/2025, 4:02:42 PM GMT-3 [Modules] Streaming discord_spellcheck@1 to /home/cappra/.config/discord/0.0.116/modules/pending/discord_spellcheck-1.zip: 20%
11/27/2025, 4:02:42 PM GMT-3 [Modules] Streaming discord_spellcheck@1 to /home/cappra/.config/discord/0.0.116/modules/pending/discord_spellcheck-1.zip: 21%
11/27/2025, 4:02:42 PM GMT-3 [Modules] Streaming discord_spellcheck@1 to /home/cappra/.config/discord/0.0.116/modules/pending/discord_spellcheck-1.zip: 22%
11/27/2025, 4:02:42 PM GMT-3 [Modules] Streaming discord_spellcheck@1 to /home/cappra/.config/discord/0.0.116/modules/pending/discord_spellcheck-1.zip: 23%
11/27/2025, 4:02:42 PM GMT-3 [Modules] Streaming discord_spellcheck@1 to /home/cappra/.config/discord/0.0.116/modules/pending/discord_spellcheck-1.zip: 25%
11/27/2025, 4:02:42 PM GMT-3 [Modules] Streaming discord_spellcheck@1 to /home/cappra/.config/discord/0.0.116/modules/pending/discord_spellcheck-1.zip: 27%
11/27/2025, 4:02:42 PM GMT-3 [Modules] Streaming discord_spellcheck@1 to /home/cappra/.config/discord/0.0.116/modules/pending/discord_spellcheck-1.zip: 28%
11/27/2025, 4:02:42 PM GMT-3 [Modules] Streaming discord_spellcheck@1 to /home/cappra/.config/discord/0.0.116/modules/pending/discord_spellcheck-1.zip: 29%
11/27/2025, 4:02:42 PM GMT-3 [Modules] Streaming discord_spellcheck@1 to /home/cappra/.config/discord/0.0.116/modules/pending/discord_spellcheck-1.zip: 31%
11/27/2025, 4:02:42 PM GMT-3 [Modules] Streaming discord_spellcheck@1 to /home/cappra/.config/discord/0.0.116/modules/pending/discord_spellcheck-1.zip: 33%
11/27/2025, 4:02:42 PM GMT-3 [Modules] Streaming discord_spellcheck@1 to /home/cappra/.config/discord/0.0.116/modules/pending/discord_spellcheck-1.zip: 34%
11/27/2025, 4:02:42 PM GMT-3 [Modules] Streaming discord_spellcheck@1 to /home/cappra/.config/discord/0.0.116/modules/pending/discord_spellcheck-1.zip: 35%
11/27/2025, 4:02:42 PM GMT-3 [Modules] Streaming discord_spellcheck@1 to /home/cappra/.config/discord/0.0.116/modules/pending/discord_spellcheck-1.zip: 36%
11/27/2025, 4:02:42 PM GMT-3 [Modules] Streaming discord_spellcheck@1 to /home/cappra/.config/discord/0.0.116/modules/pending/discord_spellcheck-1.zip: 38%
11/27/2025, 4:02:42 PM GMT-3 [Modules] Streaming discord_spellcheck@1 to /home/cappra/.config/discord/0.0.116/modules/pending/discord_spellcheck-1.zip: 39%
11/27/2025, 4:02:42 PM GMT-3 [Modules] Streaming discord_spellcheck@1 to /home/cappra/.config/discord/0.0.116/modules/pending/discord_spellcheck-1.zip: 41%
11/27/2025, 4:02:42 PM GMT-3 [Modules] Streaming discord_spellcheck@1 to /home/cappra/.config/discord/0.0.116/modules/pending/discord_spellcheck-1.zip: 45%
11/27/2025, 4:02:42 PM GMT-3 [Modules] Streaming discord_spellcheck@1 to /home/cappra/.config/discord/0.0.116/modules/pending/discord_spellcheck-1.zip: 46%
11/27/2025, 4:02:42 PM GMT-3 [Modules] Streaming discord_spellcheck@1 to /home/cappra/.config/discord/0.0.116/modules/pending/discord_spellcheck-1.zip: 47%
11/27/2025, 4:02:42 PM GMT-3 [Modules] Streaming discord_spellcheck@1 to /home/cappra/.config/discord/0.0.116/modules/pending/discord_spellcheck-1.zip: 48%
11/27/2025, 4:02:42 PM GMT-3 [Modules] Streaming discord_spellcheck@1 to /home/cappra/.config/discord/0.0.116/modules/pending/discord_spellcheck-1.zip: 50%
11/27/2025, 4:02:43 PM GMT-3 [Modules] Streaming discord_spellcheck@1 to /home/cappra/.config/discord/0.0.116/modules/pending/discord_spellcheck-1.zip: 51%
11/27/2025, 4:02:43 PM GMT-3 [Modules] Streaming discord_spellcheck@1 to /home/cappra/.config/discord/0.0.116/modules/pending/discord_spellcheck-1.zip: 52%
11/27/2025, 4:02:43 PM GMT-3 [Modules] Streaming discord_spellcheck@1 to /home/cappra/.config/discord/0.0.116/modules/pending/discord_spellcheck-1.zip: 54%
11/27/2025, 4:02:43 PM GMT-3 [Modules] Streaming discord_spellcheck@1 to /home/cappra/.config/discord/0.0.116/modules/pending/discord_spellcheck-1.zip: 56%
11/27/2025, 4:02:43 PM GMT-3 [Modules] Streaming discord_spellcheck@1 to /home/cappra/.config/discord/0.0.116/modules/pending/discord_spellcheck-1.zip: 59%
11/27/2025, 4:02:43 PM GMT-3 [Modules] Streaming discord_spellcheck@1 to /home/cappra/.config/discord/0.0.116/modules/pending/discord_spellcheck-1.zip: 60%
11/27/2025, 4:02:43 PM GMT-3 [Modules] Streaming discord_spellcheck@1 to /home/cappra/.config/discord/0.0.116/modules/pending/discord_spellcheck-1.zip: 61%
11/27/2025, 4:02:43 PM GMT-3 [Modules] Streaming discord_spellcheck@1 to /home/cappra/.config/discord/0.0.116/modules/pending/discord_spellcheck-1.zip: 62%
11/27/2025, 4:02:43 PM GMT-3 [Modules] Streaming discord_spellcheck@1 to /home/cappra/.config/discord/0.0.116/modules/pending/discord_spellcheck-1.zip: 63%
11/27/2025, 4:02:43 PM GMT-3 [Modules] Streaming discord_spellcheck@1 to /home/cappra/.config/discord/0.0.116/modules/pending/discord_spellcheck-1.zip: 64%
11/27/2025, 4:02:43 PM GMT-3 [Modules] Streaming discord_spellcheck@1 to /home/cappra/.config/discord/0.0.116/modules/pending/discord_spellcheck-1.zip: 66%
11/27/2025, 4:02:43 PM GMT-3 [Modules] Streaming discord_spellcheck@1 to /home/cappra/.config/discord/0.0.116/modules/pending/discord_spellcheck-1.zip: 67%
11/27/2025, 4:02:43 PM GMT-3 [Modules] Streaming discord_spellcheck@1 to /home/cappra/.config/discord/0.0.116/modules/pending/discord_spellcheck-1.zip: 68%
11/27/2025, 4:02:43 PM GMT-3 [Modules] Streaming discord_spellcheck@1 to /home/cappra/.config/discord/0.0.116/modules/pending/discord_spellcheck-1.zip: 69%
11/27/2025, 4:02:43 PM GMT-3 [Modules] Streaming discord_spellcheck@1 to /home/cappra/.config/discord/0.0.116/modules/pending/discord_spellcheck-1.zip: 70%
11/27/2025, 4:02:43 PM GMT-3 [Modules] Streaming discord_spellcheck@1 to /home/cappra/.config/discord/0.0.116/modules/pending/discord_spellcheck-1.zip: 71%
11/27/2025, 4:02:43 PM GMT-3 [Modules] Streaming discord_spellcheck@1 to /home/cappra/.config/discord/0.0.116/modules/pending/discord_spellcheck-1.zip: 73%
11/27/2025, 4:02:43 PM GMT-3 [Modules] Streaming discord_spellcheck@1 to /home/cappra/.config/discord/0.0.116/modules/pending/discord_spellcheck-1.zip: 74%
11/27/2025, 4:02:43 PM GMT-3 [Modules] Streaming discord_spellcheck@1 to /home/cappra/.config/discord/0.0.116/modules/pending/discord_spellcheck-1.zip: 75%
11/27/2025, 4:02:43 PM GMT-3 [Modules] Streaming discord_spellcheck@1 to /home/cappra/.config/discord/0.0.116/modules/pending/discord_spellcheck-1.zip: 76%
11/27/2025, 4:02:43 PM GMT-3 [Modules] Streaming discord_spellcheck@1 to /home/cappra/.config/discord/0.0.116/modules/pending/discord_spellcheck-1.zip: 77%
11/27/2025, 4:02:43 PM GMT-3 [Modules] Streaming discord_spellcheck@1 to /home/cappra/.config/discord/0.0.116/modules/pending/discord_spellcheck-1.zip: 78%
11/27/2025, 4:02:43 PM GMT-3 [Modules] Streaming discord_spellcheck@1 to /home/cappra/.config/discord/0.0.116/modules/pending/discord_spellcheck-1.zip: 81%
11/27/2025, 4:02:43 PM GMT-3 [Modules] Streaming discord_spellcheck@1 to /home/cappra/.config/discord/0.0.116/modules/pending/discord_spellcheck-1.zip: 82%
11/27/2025, 4:02:43 PM GMT-3 [Modules] Streaming discord_spellcheck@1 to /home/cappra/.config/discord/0.0.116/modules/pending/discord_spellcheck-1.zip: 84%
11/27/2025, 4:02:43 PM GMT-3 [Modules] Streaming discord_spellcheck@1 to /home/cappra/.config/discord/0.0.116/modules/pending/discord_spellcheck-1.zip: 85%
11/27/2025, 4:02:43 PM GMT-3 [Modules] Streaming discord_spellcheck@1 to /home/cappra/.config/discord/0.0.116/modules/pending/discord_spellcheck-1.zip: 86%
11/27/2025, 4:02:43 PM GMT-3 [Modules] Streaming discord_spellcheck@1 to /home/cappra/.config/discord/0.0.116/modules/pending/discord_spellcheck-1.zip: 88%
11/27/2025, 4:02:43 PM GMT-3 [Modules] Streaming discord_spellcheck@1 to /home/cappra/.config/discord/0.0.116/modules/pending/discord_spellcheck-1.zip: 90%
11/27/2025, 4:02:43 PM GMT-3 [Modules] Streaming discord_spellcheck@1 to /home/cappra/.config/discord/0.0.116/modules/pending/discord_spellcheck-1.zip: 92%
11/27/2025, 4:02:43 PM GMT-3 [Modules] Streaming discord_spellcheck@1 to /home/cappra/.config/discord/0.0.116/modules/pending/discord_spellcheck-1.zip: 93%
11/27/2025, 4:02:43 PM GMT-3 [Modules] Streaming discord_spellcheck@1 to /home/cappra/.config/discord/0.0.116/modules/pending/discord_spellcheck-1.zip: 94%
11/27/2025, 4:02:43 PM GMT-3 [Modules] Streaming discord_spellcheck@1 to /home/cappra/.config/discord/0.0.116/modules/pending/discord_spellcheck-1.zip: 96%
11/27/2025, 4:02:43 PM GMT-3 [Modules] Streaming discord_spellcheck@1 to /home/cappra/.config/discord/0.0.116/modules/pending/discord_spellcheck-1.zip: 98%
11/27/2025, 4:02:43 PM GMT-3 [Modules] Streaming discord_spellcheck@1 to /home/cappra/.config/discord/0.0.116/modules/pending/discord_spellcheck-1.zip: 100%
11/27/2025, 4:02:43 PM GMT-3 [Modules] Fetching discord_utils@1 from https://discord.com/api/modules/stable/discord_utils/1
11/27/2025, 4:02:43 PM GMT-3 [Modules] Streaming discord_utils@1 to /home/cappra/.config/discord/0.0.116/modules/pending/discord_utils-1.zip
11/27/2025, 4:02:44 PM GMT-3 [Modules] Streaming discord_utils@1 to /home/cappra/.config/discord/0.0.116/modules/pending/discord_utils-1.zip: 1%
11/27/2025, 4:02:44 PM GMT-3 [Modules] Streaming discord_utils@1 to /home/cappra/.config/discord/0.0.116/modules/pending/discord_utils-1.zip: 2%
11/27/2025, 4:02:44 PM GMT-3 [Modules] Streaming discord_utils@1 to /home/cappra/.config/discord/0.0.116/modules/pending/discord_utils-1.zip: 3%
11/27/2025, 4:02:44 PM GMT-3 [Modules] Streaming discord_utils@1 to /home/cappra/.config/discord/0.0.116/modules/pending/discord_utils-1.zip: 4%
11/27/2025, 4:02:44 PM GMT-3 [Modules] Streaming discord_utils@1 to /home/cappra/.config/discord/0.0.116/modules/pending/discord_utils-1.zip: 5%
11/27/2025, 4:02:44 PM GMT-3 [Modules] Streaming discord_utils@1 to /home/cappra/.config/discord/0.0.116/modules/pending/discord_utils-1.zip: 6%
11/27/2025, 4:02:44 PM GMT-3 [Modules] Streaming discord_utils@1 to /home/cappra/.config/discord/0.0.116/modules/pending/discord_utils-1.zip: 7%
11/27/2025, 4:02:44 PM GMT-3 [Modules] Streaming discord_utils@1 to /home/cappra/.config/discord/0.0.116/modules/pending/discord_utils-1.zip: 8%
11/27/2025, 4:02:44 PM GMT-3 [Modules] Streaming discord_utils@1 to /home/cappra/.config/discord/0.0.116/modules/pending/discord_utils-1.zip: 9%
11/27/2025, 4:02:44 PM GMT-3 [Modules] Streaming discord_utils@1 to /home/cappra/.config/discord/0.0.116/modules/pending/discord_utils-1.zip: 10%
11/27/2025, 4:02:44 PM GMT-3 [Modules] Streaming discord_utils@1 to /home/cappra/.config/discord/0.0.116/modules/pending/discord_utils-1.zip: 11%
11/27/2025, 4:02:44 PM GMT-3 [Modules] Streaming discord_utils@1 to /home/cappra/.config/discord/0.0.116/modules/pending/discord_utils-1.zip: 12%
11/27/2025, 4:02:44 PM GMT-3 [Modules] Streaming discord_utils@1 to /home/cappra/.config/discord/0.0.116/modules/pending/discord_utils-1.zip: 13%
11/27/2025, 4:02:44 PM GMT-3 [Modules] Streaming discord_utils@1 to /home/cappra/.config/discord/0.0.116/modules/pending/discord_utils-1.zip: 14%
11/27/2025, 4:02:44 PM GMT-3 [Modules] Streaming discord_utils@1 to /home/cappra/.config/discord/0.0.116/modules/pending/discord_utils-1.zip: 15%
11/27/2025, 4:02:44 PM GMT-3 [Modules] Streaming discord_utils@1 to /home/cappra/.config/discord/0.0.116/modules/pending/discord_utils-1.zip: 16%
11/27/2025, 4:02:44 PM GMT-3 [Modules] Streaming discord_utils@1 to /home/cappra/.config/discord/0.0.116/modules/pending/discord_utils-1.zip: 17%
11/27/2025, 4:02:44 PM GMT-3 [Modules] Streaming discord_utils@1 to /home/cappra/.config/discord/0.0.116/modules/pending/discord_utils-1.zip: 20%
11/27/2025, 4:02:44 PM GMT-3 [Modules] Streaming discord_utils@1 to /home/cappra/.config/discord/0.0.116/modules/pending/discord_utils-1.zip: 23%
11/27/2025, 4:02:44 PM GMT-3 [Modules] Streaming discord_utils@1 to /home/cappra/.config/discord/0.0.116/modules/pending/discord_utils-1.zip: 24%
11/27/2025, 4:02:44 PM GMT-3 [Modules] Streaming discord_utils@1 to /home/cappra/.config/discord/0.0.116/modules/pending/discord_utils-1.zip: 25%
11/27/2025, 4:02:44 PM GMT-3 [Modules] Streaming discord_utils@1 to /home/cappra/.config/discord/0.0.116/modules/pending/discord_utils-1.zip: 26%
11/27/2025, 4:02:44 PM GMT-3 [Modules] Streaming discord_utils@1 to /home/cappra/.config/discord/0.0.116/modules/pending/discord_utils-1.zip: 27%
11/27/2025, 4:02:44 PM GMT-3 [Modules] Streaming discord_utils@1 to /home/cappra/.config/discord/0.0.116/modules/pending/discord_utils-1.zip: 29%
11/27/2025, 4:02:44 PM GMT-3 [Modules] Streaming discord_utils@1 to /home/cappra/.config/discord/0.0.116/modules/pending/discord_utils-1.zip: 30%
11/27/2025, 4:02:44 PM GMT-3 [Modules] Streaming discord_utils@1 to /home/cappra/.config/discord/0.0.116/modules/pending/discord_utils-1.zip: 31%
11/27/2025, 4:02:44 PM GMT-3 [Modules] Streaming discord_utils@1 to /home/cappra/.config/discord/0.0.116/modules/pending/discord_utils-1.zip: 34%
11/27/2025, 4:02:44 PM GMT-3 [Modules] Streaming discord_utils@1 to /home/cappra/.config/discord/0.0.116/modules/pending/discord_utils-1.zip: 35%
11/27/2025, 4:02:44 PM GMT-3 [Modules] Streaming discord_utils@1 to /home/cappra/.config/discord/0.0.116/modules/pending/discord_utils-1.zip: 38%
11/27/2025, 4:02:44 PM GMT-3 [Modules] Streaming discord_utils@1 to /home/cappra/.config/discord/0.0.116/modules/pending/discord_utils-1.zip: 42%
11/27/2025, 4:02:44 PM GMT-3 [Modules] Streaming discord_utils@1 to /home/cappra/.config/discord/0.0.116/modules/pending/discord_utils-1.zip: 43%
11/27/2025, 4:02:44 PM GMT-3 [Modules] Streaming discord_utils@1 to /home/cappra/.config/discord/0.0.116/modules/pending/discord_utils-1.zip: 44%
11/27/2025, 4:02:44 PM GMT-3 [Modules] Streaming discord_utils@1 to /home/cappra/.config/discord/0.0.116/modules/pending/discord_utils-1.zip: 45%
11/27/2025, 4:02:44 PM GMT-3 [Modules] Streaming discord_utils@1 to /home/cappra/.config/discord/0.0.116/modules/pending/discord_utils-1.zip: 46%
11/27/2025, 4:02:44 PM GMT-3 [Modules] Streaming discord_utils@1 to /home/cappra/.config/discord/0.0.116/modules/pending/discord_utils-1.zip: 47%
11/27/2025, 4:02:44 PM GMT-3 [Modules] Streaming discord_utils@1 to /home/cappra/.config/discord/0.0.116/modules/pending/discord_utils-1.zip: 48%
11/27/2025, 4:02:44 PM GMT-3 [Modules] Streaming discord_utils@1 to /home/cappra/.config/discord/0.0.116/modules/pending/discord_utils-1.zip: 49%
11/27/2025, 4:02:44 PM GMT-3 [Modules] Streaming discord_utils@1 to /home/cappra/.config/discord/0.0.116/modules/pending/discord_utils-1.zip: 55%
11/27/2025, 4:02:44 PM GMT-3 [Modules] Streaming discord_utils@1 to /home/cappra/.config/discord/0.0.116/modules/pending/discord_utils-1.zip: 57%
11/27/2025, 4:02:44 PM GMT-3 [Modules] Streaming discord_utils@1 to /home/cappra/.config/discord/0.0.116/modules/pending/discord_utils-1.zip: 60%
11/27/2025, 4:02:44 PM GMT-3 [Modules] Streaming discord_utils@1 to /home/cappra/.config/discord/0.0.116/modules/pending/discord_utils-1.zip: 61%
11/27/2025, 4:02:44 PM GMT-3 [Modules] Streaming discord_utils@1 to /home/cappra/.config/discord/0.0.116/modules/pending/discord_utils-1.zip: 65%
11/27/2025, 4:02:44 PM GMT-3 [Modules] Streaming discord_utils@1 to /home/cappra/.config/discord/0.0.116/modules/pending/discord_utils-1.zip: 69%
11/27/2025, 4:02:44 PM GMT-3 [Modules] Streaming discord_utils@1 to /home/cappra/.config/discord/0.0.116/modules/pending/discord_utils-1.zip: 71%
11/27/2025, 4:02:44 PM GMT-3 [Modules] Streaming discord_utils@1 to /home/cappra/.config/discord/0.0.116/modules/pending/discord_utils-1.zip: 72%
11/27/2025, 4:02:44 PM GMT-3 [Modules] Streaming discord_utils@1 to /home/cappra/.config/discord/0.0.116/modules/pending/discord_utils-1.zip: 73%
11/27/2025, 4:02:45 PM GMT-3 [Modules] Streaming discord_utils@1 to /home/cappra/.config/discord/0.0.116/modules/pending/discord_utils-1.zip: 74%
11/27/2025, 4:02:45 PM GMT-3 [Modules] Streaming discord_utils@1 to /home/cappra/.config/discord/0.0.116/modules/pending/discord_utils-1.zip: 75%
11/27/2025, 4:02:45 PM GMT-3 [Modules] Streaming discord_utils@1 to /home/cappra/.config/discord/0.0.116/modules/pending/discord_utils-1.zip: 76%
11/27/2025, 4:02:45 PM GMT-3 [Modules] Streaming discord_utils@1 to /home/cappra/.config/discord/0.0.116/modules/pending/discord_utils-1.zip: 78%
11/27/2025, 4:02:45 PM GMT-3 [Modules] Streaming discord_utils@1 to /home/cappra/.config/discord/0.0.116/modules/pending/discord_utils-1.zip: 80%
11/27/2025, 4:02:45 PM GMT-3 [Modules] Streaming discord_utils@1 to /home/cappra/.config/discord/0.0.116/modules/pending/discord_utils-1.zip: 85%
11/27/2025, 4:02:45 PM GMT-3 [Modules] Streaming discord_utils@1 to /home/cappra/.config/discord/0.0.116/modules/pending/discord_utils-1.zip: 88%
11/27/2025, 4:02:45 PM GMT-3 [Modules] Streaming discord_utils@1 to /home/cappra/.config/discord/0.0.116/modules/pending/discord_utils-1.zip: 89%
11/27/2025, 4:02:45 PM GMT-3 [Modules] Streaming discord_utils@1 to /home/cappra/.config/discord/0.0.116/modules/pending/discord_utils-1.zip: 90%
11/27/2025, 4:02:45 PM GMT-3 [Modules] Streaming discord_utils@1 to /home/cappra/.config/discord/0.0.116/modules/pending/discord_utils-1.zip: 93%
11/27/2025, 4:02:45 PM GMT-3 [Modules] Streaming discord_utils@1 to /home/cappra/.config/discord/0.0.116/modules/pending/discord_utils-1.zip: 95%
11/27/2025, 4:02:45 PM GMT-3 [Modules] Streaming discord_utils@1 to /home/cappra/.config/discord/0.0.116/modules/pending/discord_utils-1.zip: 97%
11/27/2025, 4:02:45 PM GMT-3 [Modules] Streaming discord_utils@1 to /home/cappra/.config/discord/0.0.116/modules/pending/discord_utils-1.zip: 99%
11/27/2025, 4:02:45 PM GMT-3 [Modules] Streaming discord_utils@1 to /home/cappra/.config/discord/0.0.116/modules/pending/discord_utils-1.zip: 100%
11/27/2025, 4:02:45 PM GMT-3 [Modules] Fetching discord_voice@1 from https://discord.com/api/modules/stable/discord_voice/1
11/27/2025, 4:02:45 PM GMT-3 [Modules] Streaming discord_voice@1 to /home/cappra/.config/discord/0.0.116/modules/pending/discord_voice-1.zip
11/27/2025, 4:02:45 PM GMT-3 [Modules] Streaming discord_voice@1 to /home/cappra/.config/discord/0.0.116/modules/pending/discord_voice-1.zip: 1%
11/27/2025, 4:02:46 PM GMT-3 [Modules] Streaming discord_voice@1 to /home/cappra/.config/discord/0.0.116/modules/pending/discord_voice-1.zip: 2%
11/27/2025, 4:02:46 PM GMT-3 [Modules] Streaming discord_voice@1 to /home/cappra/.config/discord/0.0.116/modules/pending/discord_voice-1.zip: 3%
11/27/2025, 4:02:46 PM GMT-3 [Modules] Streaming discord_voice@1 to /home/cappra/.config/discord/0.0.116/modules/pending/discord_voice-1.zip: 4%
11/27/2025, 4:02:46 PM GMT-3 [Modules] Streaming discord_voice@1 to /home/cappra/.config/discord/0.0.116/modules/pending/discord_voice-1.zip: 5%
11/27/2025, 4:02:46 PM GMT-3 [Modules] Streaming discord_voice@1 to /home/cappra/.config/discord/0.0.116/modules/pending/discord_voice-1.zip: 6%
11/27/2025, 4:02:46 PM GMT-3 [Modules] Streaming discord_voice@1 to /home/cappra/.config/discord/0.0.116/modules/pending/discord_voice-1.zip: 7%
11/27/2025, 4:02:46 PM GMT-3 [Modules] Streaming discord_voice@1 to /home/cappra/.config/discord/0.0.116/modules/pending/discord_voice-1.zip: 8%
11/27/2025, 4:02:46 PM GMT-3 [Modules] Streaming discord_voice@1 to /home/cappra/.config/discord/0.0.116/modules/pending/discord_voice-1.zip: 9%
11/27/2025, 4:02:46 PM GMT-3 [Modules] Streaming discord_voice@1 to /home/cappra/.config/discord/0.0.116/modules/pending/discord_voice-1.zip: 10%
11/27/2025, 4:02:46 PM GMT-3 [Modules] Streaming discord_voice@1 to /home/cappra/.config/discord/0.0.116/modules/pending/discord_voice-1.zip: 11%
11/27/2025, 4:02:46 PM GMT-3 [Modules] Streaming discord_voice@1 to /home/cappra/.config/discord/0.0.116/modules/pending/discord_voice-1.zip: 12%
11/27/2025, 4:02:46 PM GMT-3 [Modules] Streaming discord_voice@1 to /home/cappra/.config/discord/0.0.116/modules/pending/discord_voice-1.zip: 13%
11/27/2025, 4:02:46 PM GMT-3 [Modules] Streaming discord_voice@1 to /home/cappra/.config/discord/0.0.116/modules/pending/discord_voice-1.zip: 14%
11/27/2025, 4:02:46 PM GMT-3 [Modules] Streaming discord_voice@1 to /home/cappra/.config/discord/0.0.116/modules/pending/discord_voice-1.zip: 15%
11/27/2025, 4:02:46 PM GMT-3 [Modules] Streaming discord_voice@1 to /home/cappra/.config/discord/0.0.116/modules/pending/discord_voice-1.zip: 16%
11/27/2025, 4:02:46 PM GMT-3 [Modules] Streaming discord_voice@1 to /home/cappra/.config/discord/0.0.116/modules/pending/discord_voice-1.zip: 17%
11/27/2025, 4:02:46 PM GMT-3 [Modules] Streaming discord_voice@1 to /home/cappra/.config/discord/0.0.116/modules/pending/discord_voice-1.zip: 18%
11/27/2025, 4:02:46 PM GMT-3 [Modules] Streaming discord_voice@1 to /home/cappra/.config/discord/0.0.116/modules/pending/discord_voice-1.zip: 19%
11/27/2025, 4:02:46 PM GMT-3 [Modules] Streaming discord_voice@1 to /home/cappra/.config/discord/0.0.116/modules/pending/discord_voice-1.zip: 20%
11/27/2025, 4:02:47 PM GMT-3 [Modules] Streaming discord_voice@1 to /home/cappra/.config/discord/0.0.116/modules/pending/discord_voice-1.zip: 21%
11/27/2025, 4:02:47 PM GMT-3 [Modules] Streaming discord_voice@1 to /home/cappra/.config/discord/0.0.116/modules/pending/discord_voice-1.zip: 22%
11/27/2025, 4:02:47 PM GMT-3 [Modules] Streaming discord_voice@1 to /home/cappra/.config/discord/0.0.116/modules/pending/discord_voice-1.zip: 23%
11/27/2025, 4:02:47 PM GMT-3 [Modules] Streaming discord_voice@1 to /home/cappra/.config/discord/0.0.116/modules/pending/discord_voice-1.zip: 24%
11/27/2025, 4:02:47 PM GMT-3 [Modules] Streaming discord_voice@1 to /home/cappra/.config/discord/0.0.116/modules/pending/discord_voice-1.zip: 25%
11/27/2025, 4:02:47 PM GMT-3 [Modules] Streaming discord_voice@1 to /home/cappra/.config/discord/0.0.116/modules/pending/discord_voice-1.zip: 26%
11/27/2025, 4:02:47 PM GMT-3 [Modules] Streaming discord_voice@1 to /home/cappra/.config/discord/0.0.116/modules/pending/discord_voice-1.zip: 27%
11/27/2025, 4:02:47 PM GMT-3 [Modules] Streaming discord_voice@1 to /home/cappra/.config/discord/0.0.116/modules/pending/discord_voice-1.zip: 28%
11/27/2025, 4:02:47 PM GMT-3 [Modules] Streaming discord_voice@1 to /home/cappra/.config/discord/0.0.116/modules/pending/discord_voice-1.zip: 29%
11/27/2025, 4:02:47 PM GMT-3 [Modules] Streaming discord_voice@1 to /home/cappra/.config/discord/0.0.116/modules/pending/discord_voice-1.zip: 30%
11/27/2025, 4:02:47 PM GMT-3 [Modules] Streaming discord_voice@1 to /home/cappra/.config/discord/0.0.116/modules/pending/discord_voice-1.zip: 31%
11/27/2025, 4:02:47 PM GMT-3 [Modules] Streaming discord_voice@1 to /home/cappra/.config/discord/0.0.116/modules/pending/discord_voice-1.zip: 32%
11/27/2025, 4:02:47 PM GMT-3 [Modules] Streaming discord_voice@1 to /home/cappra/.config/discord/0.0.116/modules/pending/discord_voice-1.zip: 33%
11/27/2025, 4:02:47 PM GMT-3 [Modules] Streaming discord_voice@1 to /home/cappra/.config/discord/0.0.116/modules/pending/discord_voice-1.zip: 34%
11/27/2025, 4:02:48 PM GMT-3 [Modules] Streaming discord_voice@1 to /home/cappra/.config/discord/0.0.116/modules/pending/discord_voice-1.zip: 35%
11/27/2025, 4:02:48 PM GMT-3 [Modules] Streaming discord_voice@1 to /home/cappra/.config/discord/0.0.116/modules/pending/discord_voice-1.zip: 36%
11/27/2025, 4:02:48 PM GMT-3 [Modules] Streaming discord_voice@1 to /home/cappra/.config/discord/0.0.116/modules/pending/discord_voice-1.zip: 37%
11/27/2025, 4:02:48 PM GMT-3 [Modules] Streaming discord_voice@1 to /home/cappra/.config/discord/0.0.116/modules/pending/discord_voice-1.zip: 38%
11/27/2025, 4:02:48 PM GMT-3 [Modules] Streaming discord_voice@1 to /home/cappra/.config/discord/0.0.116/modules/pending/discord_voice-1.zip: 39%
11/27/2025, 4:02:48 PM GMT-3 [Modules] Streaming discord_voice@1 to /home/cappra/.config/discord/0.0.116/modules/pending/discord_voice-1.zip: 40%
11/27/2025, 4:02:48 PM GMT-3 [Modules] Streaming discord_voice@1 to /home/cappra/.config/discord/0.0.116/modules/pending/discord_voice-1.zip: 41%
11/27/2025, 4:02:48 PM GMT-3 [Modules] Streaming discord_voice@1 to /home/cappra/.config/discord/0.0.116/modules/pending/discord_voice-1.zip: 42%
11/27/2025, 4:02:48 PM GMT-3 [Modules] Streaming discord_voice@1 to /home/cappra/.config/discord/0.0.116/modules/pending/discord_voice-1.zip: 43%
11/27/2025, 4:02:48 PM GMT-3 [Modules] Streaming discord_voice@1 to /home/cappra/.config/discord/0.0.116/modules/pending/discord_voice-1.zip: 44%
11/27/2025, 4:02:48 PM GMT-3 [Modules] Streaming discord_voice@1 to /home/cappra/.config/discord/0.0.116/modules/pending/discord_voice-1.zip: 45%
11/27/2025, 4:02:48 PM GMT-3 [Modules] Streaming discord_voice@1 to /home/cappra/.config/discord/0.0.116/modules/pending/discord_voice-1.zip: 46%
11/27/2025, 4:02:48 PM GMT-3 [Modules] Streaming discord_voice@1 to /home/cappra/.config/discord/0.0.116/modules/pending/discord_voice-1.zip: 47%
11/27/2025, 4:02:48 PM GMT-3 [Modules] Streaming discord_voice@1 to /home/cappra/.config/discord/0.0.116/modules/pending/discord_voice-1.zip: 48%
11/27/2025, 4:02:48 PM GMT-3 [Modules] Streaming discord_voice@1 to /home/cappra/.config/discord/0.0.116/modules/pending/discord_voice-1.zip: 49%
11/27/2025, 4:02:48 PM GMT-3 [Modules] Streaming discord_voice@1 to /home/cappra/.config/discord/0.0.116/modules/pending/discord_voice-1.zip: 50%
11/27/2025, 4:02:48 PM GMT-3 [Modules] Streaming discord_voice@1 to /home/cappra/.config/discord/0.0.116/modules/pending/discord_voice-1.zip: 51%
11/27/2025, 4:02:48 PM GMT-3 [Modules] Streaming discord_voice@1 to /home/cappra/.config/discord/0.0.116/modules/pending/discord_voice-1.zip: 52%
11/27/2025, 4:02:48 PM GMT-3 [Modules] Streaming discord_voice@1 to /home/cappra/.config/discord/0.0.116/modules/pending/discord_voice-1.zip: 53%
11/27/2025, 4:02:48 PM GMT-3 [Modules] Streaming discord_voice@1 to /home/cappra/.config/discord/0.0.116/modules/pending/discord_voice-1.zip: 54%
11/27/2025, 4:02:48 PM GMT-3 [Modules] Streaming discord_voice@1 to /home/cappra/.config/discord/0.0.116/modules/pending/discord_voice-1.zip: 55%
11/27/2025, 4:02:48 PM GMT-3 [Modules] Streaming discord_voice@1 to /home/cappra/.config/discord/0.0.116/modules/pending/discord_voice-1.zip: 56%
11/27/2025, 4:02:49 PM GMT-3 [Modules] Streaming discord_voice@1 to /home/cappra/.config/discord/0.0.116/modules/pending/discord_voice-1.zip: 57%
11/27/2025, 4:02:49 PM GMT-3 [Modules] Streaming discord_voice@1 to /home/cappra/.config/discord/0.0.116/modules/pending/discord_voice-1.zip: 58%
11/27/2025, 4:02:49 PM GMT-3 [Modules] Streaming discord_voice@1 to /home/cappra/.config/discord/0.0.116/modules/pending/discord_voice-1.zip: 59%
11/27/2025, 4:02:49 PM GMT-3 [Modules] Streaming discord_voice@1 to /home/cappra/.config/discord/0.0.116/modules/pending/discord_voice-1.zip: 60%
11/27/2025, 4:02:49 PM GMT-3 [Modules] Streaming discord_voice@1 to /home/cappra/.config/discord/0.0.116/modules/pending/discord_voice-1.zip: 61%
11/27/2025, 4:02:49 PM GMT-3 [Modules] Streaming discord_voice@1 to /home/cappra/.config/discord/0.0.116/modules/pending/discord_voice-1.zip: 62%
11/27/2025, 4:02:49 PM GMT-3 [Modules] Streaming discord_voice@1 to /home/cappra/.config/discord/0.0.116/modules/pending/discord_voice-1.zip: 63%
11/27/2025, 4:02:49 PM GMT-3 [Modules] Streaming discord_voice@1 to /home/cappra/.config/discord/0.0.116/modules/pending/discord_voice-1.zip: 64%
11/27/2025, 4:02:49 PM GMT-3 [Modules] Streaming discord_voice@1 to /home/cappra/.config/discord/0.0.116/modules/pending/discord_voice-1.zip: 65%
11/27/2025, 4:02:49 PM GMT-3 [Modules] Streaming discord_voice@1 to /home/cappra/.config/discord/0.0.116/modules/pending/discord_voice-1.zip: 66%
11/27/2025, 4:02:50 PM GMT-3 [Modules] Streaming discord_voice@1 to /home/cappra/.config/discord/0.0.116/modules/pending/discord_voice-1.zip: 67%
11/27/2025, 4:02:50 PM GMT-3 [Modules] Streaming discord_voice@1 to /home/cappra/.config/discord/0.0.116/modules/pending/discord_voice-1.zip: 68%
11/27/2025, 4:02:50 PM GMT-3 [Modules] Streaming discord_voice@1 to /home/cappra/.config/discord/0.0.116/modules/pending/discord_voice-1.zip: 69%
11/27/2025, 4:02:50 PM GMT-3 [Modules] Streaming discord_voice@1 to /home/cappra/.config/discord/0.0.116/modules/pending/discord_voice-1.zip: 70%
11/27/2025, 4:02:50 PM GMT-3 [Modules] Streaming discord_voice@1 to /home/cappra/.config/discord/0.0.116/modules/pending/discord_voice-1.zip: 71%
11/27/2025, 4:02:50 PM GMT-3 [Modules] Streaming discord_voice@1 to /home/cappra/.config/discord/0.0.116/modules/pending/discord_voice-1.zip: 72%
11/27/2025, 4:02:50 PM GMT-3 [Modules] Streaming discord_voice@1 to /home/cappra/.config/discord/0.0.116/modules/pending/discord_voice-1.zip: 73%
11/27/2025, 4:02:50 PM GMT-3 [Modules] Streaming discord_voice@1 to /home/cappra/.config/discord/0.0.116/modules/pending/discord_voice-1.zip: 74%
11/27/2025, 4:02:50 PM GMT-3 [Modules] Streaming discord_voice@1 to /home/cappra/.config/discord/0.0.116/modules/pending/discord_voice-1.zip: 76%
11/27/2025, 4:02:50 PM GMT-3 [Modules] Streaming discord_voice@1 to /home/cappra/.config/discord/0.0.116/modules/pending/discord_voice-1.zip: 77%
11/27/2025, 4:02:50 PM GMT-3 [Modules] Streaming discord_voice@1 to /home/cappra/.config/discord/0.0.116/modules/pending/discord_voice-1.zip: 78%
11/27/2025, 4:02:50 PM GMT-3 [Modules] Streaming discord_voice@1 to /home/cappra/.config/discord/0.0.116/modules/pending/discord_voice-1.zip: 79%
11/27/2025, 4:02:50 PM GMT-3 [Modules] Streaming discord_voice@1 to /home/cappra/.config/discord/0.0.116/modules/pending/discord_voice-1.zip: 80%
11/27/2025, 4:02:50 PM GMT-3 [Modules] Streaming discord_voice@1 to /home/cappra/.config/discord/0.0.116/modules/pending/discord_voice-1.zip: 81%
11/27/2025, 4:02:50 PM GMT-3 [Modules] Streaming discord_voice@1 to /home/cappra/.config/discord/0.0.116/modules/pending/discord_voice-1.zip: 82%
11/27/2025, 4:02:50 PM GMT-3 [Modules] Streaming discord_voice@1 to /home/cappra/.config/discord/0.0.116/modules/pending/discord_voice-1.zip: 83%
11/27/2025, 4:02:50 PM GMT-3 [Modules] Streaming discord_voice@1 to /home/cappra/.config/discord/0.0.116/modules/pending/discord_voice-1.zip: 84%
11/27/2025, 4:02:50 PM GMT-3 [Modules] Streaming discord_voice@1 to /home/cappra/.config/discord/0.0.116/modules/pending/discord_voice-1.zip: 85%
11/27/2025, 4:02:50 PM GMT-3 [Modules] Streaming discord_voice@1 to /home/cappra/.config/discord/0.0.116/modules/pending/discord_voice-1.zip: 86%
11/27/2025, 4:02:50 PM GMT-3 [Modules] Streaming discord_voice@1 to /home/cappra/.config/discord/0.0.116/modules/pending/discord_voice-1.zip: 87%
11/27/2025, 4:02:50 PM GMT-3 [Modules] Streaming discord_voice@1 to /home/cappra/.config/discord/0.0.116/modules/pending/discord_voice-1.zip: 88%
11/27/2025, 4:02:50 PM GMT-3 [Modules] Streaming discord_voice@1 to /home/cappra/.config/discord/0.0.116/modules/pending/discord_voice-1.zip: 89%
11/27/2025, 4:02:50 PM GMT-3 [Modules] Streaming discord_voice@1 to /home/cappra/.config/discord/0.0.116/modules/pending/discord_voice-1.zip: 90%
11/27/2025, 4:02:50 PM GMT-3 [Modules] Streaming discord_voice@1 to /home/cappra/.config/discord/0.0.116/modules/pending/discord_voice-1.zip: 91%
11/27/2025, 4:02:50 PM GMT-3 [Modules] Streaming discord_voice@1 to /home/cappra/.config/discord/0.0.116/modules/pending/discord_voice-1.zip: 92%
11/27/2025, 4:02:50 PM GMT-3 [Modules] Streaming discord_voice@1 to /home/cappra/.config/discord/0.0.116/modules/pending/discord_voice-1.zip: 93%
11/27/2025, 4:02:50 PM GMT-3 [Modules] Streaming discord_voice@1 to /home/cappra/.config/discord/0.0.116/modules/pending/discord_voice-1.zip: 94%
11/27/2025, 4:02:50 PM GMT-3 [Modules] Streaming discord_voice@1 to /home/cappra/.config/discord/0.0.116/modules/pending/discord_voice-1.zip: 95%
11/27/2025, 4:02:51 PM GMT-3 [Modules] Streaming discord_voice@1 to /home/cappra/.config/discord/0.0.116/modules/pending/discord_voice-1.zip: 96%
11/27/2025, 4:02:51 PM GMT-3 [Modules] Streaming discord_voice@1 to /home/cappra/.config/discord/0.0.116/modules/pending/discord_voice-1.zip: 97%
11/27/2025, 4:02:51 PM GMT-3 [Modules] Streaming discord_voice@1 to /home/cappra/.config/discord/0.0.116/modules/pending/discord_voice-1.zip: 98%
11/27/2025, 4:02:51 PM GMT-3 [Modules] Streaming discord_voice@1 to /home/cappra/.config/discord/0.0.116/modules/pending/discord_voice-1.zip: 99%
11/27/2025, 4:02:51 PM GMT-3 [Modules] Streaming discord_voice@1 to /home/cappra/.config/discord/0.0.116/modules/pending/discord_voice-1.zip: 100%
11/27/2025, 4:02:51 PM GMT-3 [Modules] Fetching discord_zstd@1 from https://discord.com/api/modules/stable/discord_zstd/1
11/27/2025, 4:02:51 PM GMT-3 [Modules] Streaming discord_zstd@1 to /home/cappra/.config/discord/0.0.116/modules/pending/discord_zstd-1.zip
11/27/2025, 4:02:51 PM GMT-3 [Modules] Streaming discord_zstd@1 to /home/cappra/.config/discord/0.0.116/modules/pending/discord_zstd-1.zip: 1%
11/27/2025, 4:02:51 PM GMT-3 [Modules] Streaming discord_zstd@1 to /home/cappra/.config/discord/0.0.116/modules/pending/discord_zstd-1.zip: 11%
11/27/2025, 4:02:51 PM GMT-3 [Modules] Streaming discord_zstd@1 to /home/cappra/.config/discord/0.0.116/modules/pending/discord_zstd-1.zip: 17%
11/27/2025, 4:02:51 PM GMT-3 [Modules] Streaming discord_zstd@1 to /home/cappra/.config/discord/0.0.116/modules/pending/discord_zstd-1.zip: 24%
11/27/2025, 4:02:51 PM GMT-3 [Modules] Streaming discord_zstd@1 to /home/cappra/.config/discord/0.0.116/modules/pending/discord_zstd-1.zip: 31%
11/27/2025, 4:02:51 PM GMT-3 [Modules] Streaming discord_zstd@1 to /home/cappra/.config/discord/0.0.116/modules/pending/discord_zstd-1.zip: 45%
11/27/2025, 4:02:51 PM GMT-3 [Modules] Streaming discord_zstd@1 to /home/cappra/.config/discord/0.0.116/modules/pending/discord_zstd-1.zip: 54%
11/27/2025, 4:02:51 PM GMT-3 [Modules] Streaming discord_zstd@1 to /home/cappra/.config/discord/0.0.116/modules/pending/discord_zstd-1.zip: 73%
11/27/2025, 4:02:51 PM GMT-3 [Modules] Streaming discord_zstd@1 to /home/cappra/.config/discord/0.0.116/modules/pending/discord_zstd-1.zip: 74%
11/27/2025, 4:02:51 PM GMT-3 [Modules] Streaming discord_zstd@1 to /home/cappra/.config/discord/0.0.116/modules/pending/discord_zstd-1.zip: 81%
11/27/2025, 4:02:51 PM GMT-3 [Modules] Streaming discord_zstd@1 to /home/cappra/.config/discord/0.0.116/modules/pending/discord_zstd-1.zip: 87%
11/27/2025, 4:02:51 PM GMT-3 [Modules] Streaming discord_zstd@1 to /home/cappra/.config/discord/0.0.116/modules/pending/discord_zstd-1.zip: 94%
11/27/2025, 4:02:51 PM GMT-3 [Modules] Streaming discord_zstd@1 to /home/cappra/.config/discord/0.0.116/modules/pending/discord_zstd-1.zip: 100%
11/27/2025, 4:02:51 PM GMT-3 [Modules] Finished module downloads. [success: 6] [failure: 0]
11/27/2025, 4:02:51 PM GMT-3 [Modules] Installing updates...
11/27/2025, 4:02:51 PM GMT-3 [Modules] Installing discord_desktop_core@1 from /home/cappra/.config/discord/0.0.116/modules/pending/discord_desktop_core-1.zip
11/27/2025, 4:02:51 PM GMT-3 [Modules] Installing discord_erlpack@1 from /home/cappra/.config/discord/0.0.116/modules/pending/discord_erlpack-1.zip
11/27/2025, 4:02:52 PM GMT-3 [Modules] Installing discord_spellcheck@1 from /home/cappra/.config/discord/0.0.116/modules/pending/discord_spellcheck-1.zip
11/27/2025, 4:02:55 PM GMT-3 [Modules] Installing discord_utils@1 from /home/cappra/.config/discord/0.0.116/modules/pending/discord_utils-1.zip
11/27/2025, 4:02:55 PM GMT-3 [Modules] Installing discord_voice@1 from /home/cappra/.config/discord/0.0.116/modules/pending/discord_voice-1.zip
11/27/2025, 4:02:56 PM GMT-3 [Modules] Installing discord_zstd@1 from /home/cappra/.config/discord/0.0.116/modules/pending/discord_zstd-1.zip
11/27/2025, 4:02:56 PM GMT-3 [Modules] Finished module installations. [success: 6] [failure: 0]
11/27/2025, 4:02:56 PM GMT-3 [Modules] Checking for host updates.
11/27/2025, 4:02:57 PM GMT-3 [Modules] Host is up to date.
11/27/2025, 4:02:57 PM GMT-3 [Modules] Checking for module updates at https://discord.com/api/modules/stable/versions.json
11/27/2025, 4:02:57 PM GMT-3 [Modules] No module updates available.
11/27/2025, 4:03:01 PM GMT-3 [Modules] Starting to install discord_krisp...
11/27/2025, 4:03:01 PM GMT-3 [Modules] Fetching discord_krisp@1 from https://discord.com/api/modules/stable/discord_krisp/1
11/27/2025, 4:03:01 PM GMT-3 [Modules] Streaming discord_krisp@1 to /home/cappra/.config/discord/0.0.116/modules/pending/discord_krisp-1.zip
11/27/2025, 4:03:01 PM GMT-3 [Modules] Starting to install discord_game_utils...
11/27/2025, 4:03:01 PM GMT-3 [Modules] Streaming discord_krisp@1 to /home/cappra/.config/discord/0.0.116/modules/pending/discord_krisp-1.zip: 1%
11/27/2025, 4:03:02 PM GMT-3 [Modules] Streaming discord_krisp@1 to /home/cappra/.config/discord/0.0.116/modules/pending/discord_krisp-1.zip: 2%
11/27/2025, 4:03:02 PM GMT-3 [Modules] Streaming discord_krisp@1 to /home/cappra/.config/discord/0.0.116/modules/pending/discord_krisp-1.zip: 3%
11/27/2025, 4:03:02 PM GMT-3 [Modules] Streaming discord_krisp@1 to /home/cappra/.config/discord/0.0.116/modules/pending/discord_krisp-1.zip: 4%
11/27/2025, 4:03:02 PM GMT-3 [Modules] Streaming discord_krisp@1 to /home/cappra/.config/discord/0.0.116/modules/pending/discord_krisp-1.zip: 5%
11/27/2025, 4:03:02 PM GMT-3 [Modules] Streaming discord_krisp@1 to /home/cappra/.config/discord/0.0.116/modules/pending/discord_krisp-1.zip: 6%
11/27/2025, 4:03:02 PM GMT-3 [Modules] Streaming discord_krisp@1 to /home/cappra/.config/discord/0.0.116/modules/pending/discord_krisp-1.zip: 7%
11/27/2025, 4:03:02 PM GMT-3 [Modules] Streaming discord_krisp@1 to /home/cappra/.config/discord/0.0.116/modules/pending/discord_krisp-1.zip: 8%
11/27/2025, 4:03:03 PM GMT-3 [Modules] Streaming discord_krisp@1 to /home/cappra/.config/discord/0.0.116/modules/pending/discord_krisp-1.zip: 9%
11/27/2025, 4:03:03 PM GMT-3 [Modules] Streaming discord_krisp@1 to /home/cappra/.config/discord/0.0.116/modules/pending/discord_krisp-1.zip: 10%
11/27/2025, 4:03:03 PM GMT-3 [Modules] Streaming discord_krisp@1 to /home/cappra/.config/discord/0.0.116/modules/pending/discord_krisp-1.zip: 11%
11/27/2025, 4:03:03 PM GMT-3 [Modules] Streaming discord_krisp@1 to /home/cappra/.config/discord/0.0.116/modules/pending/discord_krisp-1.zip: 12%
11/27/2025, 4:03:03 PM GMT-3 [Modules] Streaming discord_krisp@1 to /home/cappra/.config/discord/0.0.116/modules/pending/discord_krisp-1.zip: 13%
11/27/2025, 4:03:03 PM GMT-3 [Modules] Streaming discord_krisp@1 to /home/cappra/.config/discord/0.0.116/modules/pending/discord_krisp-1.zip: 14%
11/27/2025, 4:03:04 PM GMT-3 [Modules] Streaming discord_krisp@1 to /home/cappra/.config/discord/0.0.116/modules/pending/discord_krisp-1.zip: 15%
11/27/2025, 4:03:04 PM GMT-3 [Modules] Streaming discord_krisp@1 to /home/cappra/.config/discord/0.0.116/modules/pending/discord_krisp-1.zip: 16%
11/27/2025, 4:03:04 PM GMT-3 [Modules] Streaming discord_krisp@1 to /home/cappra/.config/discord/0.0.116/modules/pending/discord_krisp-1.zip: 17%
11/27/2025, 4:03:04 PM GMT-3 [Modules] Streaming discord_krisp@1 to /home/cappra/.config/discord/0.0.116/modules/pending/discord_krisp-1.zip: 18%
11/27/2025, 4:03:04 PM GMT-3 [Modules] Streaming discord_krisp@1 to /home/cappra/.config/discord/0.0.116/modules/pending/discord_krisp-1.zip: 19%
11/27/2025, 4:03:04 PM GMT-3 [Modules] Streaming discord_krisp@1 to /home/cappra/.config/discord/0.0.116/modules/pending/discord_krisp-1.zip: 20%
11/27/2025, 4:03:04 PM GMT-3 [Modules] Streaming discord_krisp@1 to /home/cappra/.config/discord/0.0.116/modules/pending/discord_krisp-1.zip: 21%
11/27/2025, 4:03:04 PM GMT-3 [Modules] Streaming discord_krisp@1 to /home/cappra/.config/discord/0.0.116/modules/pending/discord_krisp-1.zip: 22%
11/27/2025, 4:03:05 PM GMT-3 [Modules] Streaming discord_krisp@1 to /home/cappra/.config/discord/0.0.116/modules/pending/discord_krisp-1.zip: 23%
11/27/2025, 4:03:05 PM GMT-3 [Modules] Streaming discord_krisp@1 to /home/cappra/.config/discord/0.0.116/modules/pending/discord_krisp-1.zip: 24%
11/27/2025, 4:03:05 PM GMT-3 [Modules] Streaming discord_krisp@1 to /home/cappra/.config/discord/0.0.116/modules/pending/discord_krisp-1.zip: 25%
11/27/2025, 4:03:05 PM GMT-3 [Modules] Streaming discord_krisp@1 to /home/cappra/.config/discord/0.0.116/modules/pending/discord_krisp-1.zip: 26%
11/27/2025, 4:03:05 PM GMT-3 [Modules] Streaming discord_krisp@1 to /home/cappra/.config/discord/0.0.116/modules/pending/discord_krisp-1.zip: 27%
11/27/2025, 4:03:05 PM GMT-3 [Modules] Streaming discord_krisp@1 to /home/cappra/.config/discord/0.0.116/modules/pending/discord_krisp-1.zip: 28%
11/27/2025, 4:03:05 PM GMT-3 [Modules] Streaming discord_krisp@1 to /home/cappra/.config/discord/0.0.116/modules/pending/discord_krisp-1.zip: 29%
11/27/2025, 4:03:05 PM GMT-3 [Modules] Streaming discord_krisp@1 to /home/cappra/.config/discord/0.0.116/modules/pending/discord_krisp-1.zip: 30%
11/27/2025, 4:03:05 PM GMT-3 [Modules] Streaming discord_krisp@1 to /home/cappra/.config/discord/0.0.116/modules/pending/discord_krisp-1.zip: 31%
11/27/2025, 4:03:05 PM GMT-3 [Modules] Streaming discord_krisp@1 to /home/cappra/.config/discord/0.0.116/modules/pending/discord_krisp-1.zip: 32%
11/27/2025, 4:03:05 PM GMT-3 [Modules] Streaming discord_krisp@1 to /home/cappra/.config/discord/0.0.116/modules/pending/discord_krisp-1.zip: 33%
11/27/2025, 4:03:06 PM GMT-3 [Modules] Streaming discord_krisp@1 to /home/cappra/.config/discord/0.0.116/modules/pending/discord_krisp-1.zip: 34%
11/27/2025, 4:03:06 PM GMT-3 [Modules] Streaming discord_krisp@1 to /home/cappra/.config/discord/0.0.116/modules/pending/discord_krisp-1.zip: 35%
11/27/2025, 4:03:06 PM GMT-3 [Modules] Streaming discord_krisp@1 to /home/cappra/.config/discord/0.0.116/modules/pending/discord_krisp-1.zip: 36%
11/27/2025, 4:03:06 PM GMT-3 [Modules] Streaming discord_krisp@1 to /home/cappra/.config/discord/0.0.116/modules/pending/discord_krisp-1.zip: 37%
11/27/2025, 4:03:06 PM GMT-3 [Modules] Streaming discord_krisp@1 to /home/cappra/.config/discord/0.0.116/modules/pending/discord_krisp-1.zip: 38%
11/27/2025, 4:03:06 PM GMT-3 [Modules] Streaming discord_krisp@1 to /home/cappra/.config/discord/0.0.116/modules/pending/discord_krisp-1.zip: 39%
11/27/2025, 4:03:06 PM GMT-3 [Modules] Streaming discord_krisp@1 to /home/cappra/.config/discord/0.0.116/modules/pending/discord_krisp-1.zip: 40%
11/27/2025, 4:03:06 PM GMT-3 [Modules] Streaming discord_krisp@1 to /home/cappra/.config/discord/0.0.116/modules/pending/discord_krisp-1.zip: 41%
11/27/2025, 4:03:06 PM GMT-3 [Modules] Streaming discord_krisp@1 to /home/cappra/.config/discord/0.0.116/modules/pending/discord_krisp-1.zip: 42%
11/27/2025, 4:03:06 PM GMT-3 [Modules] Streaming discord_krisp@1 to /home/cappra/.config/discord/0.0.116/modules/pending/discord_krisp-1.zip: 43%
11/27/2025, 4:03:06 PM GMT-3 [Modules] Streaming discord_krisp@1 to /home/cappra/.config/discord/0.0.116/modules/pending/discord_krisp-1.zip: 44%
11/27/2025, 4:03:06 PM GMT-3 [Modules] Streaming discord_krisp@1 to /home/cappra/.config/discord/0.0.116/modules/pending/discord_krisp-1.zip: 45%
11/27/2025, 4:03:07 PM GMT-3 [Modules] Streaming discord_krisp@1 to /home/cappra/.config/discord/0.0.116/modules/pending/discord_krisp-1.zip: 46%
11/27/2025, 4:03:07 PM GMT-3 [Modules] Streaming discord_krisp@1 to /home/cappra/.config/discord/0.0.116/modules/pending/discord_krisp-1.zip: 47%
11/27/2025, 4:03:07 PM GMT-3 [Modules] Streaming discord_krisp@1 to /home/cappra/.config/discord/0.0.116/modules/pending/discord_krisp-1.zip: 48%
11/27/2025, 4:03:07 PM GMT-3 [Modules] Streaming discord_krisp@1 to /home/cappra/.config/discord/0.0.116/modules/pending/discord_krisp-1.zip: 49%
11/27/2025, 4:03:07 PM GMT-3 [Modules] Streaming discord_krisp@1 to /home/cappra/.config/discord/0.0.116/modules/pending/discord_krisp-1.zip: 50%
11/27/2025, 4:03:07 PM GMT-3 [Modules] Streaming discord_krisp@1 to /home/cappra/.config/discord/0.0.116/modules/pending/discord_krisp-1.zip: 51%
11/27/2025, 4:03:07 PM GMT-3 [Modules] Streaming discord_krisp@1 to /home/cappra/.config/discord/0.0.116/modules/pending/discord_krisp-1.zip: 52%
11/27/2025, 4:03:07 PM GMT-3 [Modules] Streaming discord_krisp@1 to /home/cappra/.config/discord/0.0.116/modules/pending/discord_krisp-1.zip: 53%
11/27/2025, 4:03:07 PM GMT-3 [Modules] Streaming discord_krisp@1 to /home/cappra/.config/discord/0.0.116/modules/pending/discord_krisp-1.zip: 54%
11/27/2025, 4:03:07 PM GMT-3 [Modules] Streaming discord_krisp@1 to /home/cappra/.config/discord/0.0.116/modules/pending/discord_krisp-1.zip: 55%
11/27/2025, 4:03:07 PM GMT-3 [Modules] Streaming discord_krisp@1 to /home/cappra/.config/discord/0.0.116/modules/pending/discord_krisp-1.zip: 56%
11/27/2025, 4:03:07 PM GMT-3 [Modules] Streaming discord_krisp@1 to /home/cappra/.config/discord/0.0.116/modules/pending/discord_krisp-1.zip: 57%
11/27/2025, 4:03:07 PM GMT-3 [Modules] Streaming discord_krisp@1 to /home/cappra/.config/discord/0.0.116/modules/pending/discord_krisp-1.zip: 58%
11/27/2025, 4:03:07 PM GMT-3 [Modules] Streaming discord_krisp@1 to /home/cappra/.config/discord/0.0.116/modules/pending/discord_krisp-1.zip: 59%
11/27/2025, 4:03:08 PM GMT-3 [Modules] Streaming discord_krisp@1 to /home/cappra/.config/discord/0.0.116/modules/pending/discord_krisp-1.zip: 60%
11/27/2025, 4:03:08 PM GMT-3 [Modules] Streaming discord_krisp@1 to /home/cappra/.config/discord/0.0.116/modules/pending/discord_krisp-1.zip: 61%
11/27/2025, 4:03:08 PM GMT-3 [Modules] Streaming discord_krisp@1 to /home/cappra/.config/discord/0.0.116/modules/pending/discord_krisp-1.zip: 62%
11/27/2025, 4:03:08 PM GMT-3 [Modules] Streaming discord_krisp@1 to /home/cappra/.config/discord/0.0.116/modules/pending/discord_krisp-1.zip: 63%
11/27/2025, 4:03:08 PM GMT-3 [Modules] Streaming discord_krisp@1 to /home/cappra/.config/discord/0.0.116/modules/pending/discord_krisp-1.zip: 64%
11/27/2025, 4:03:08 PM GMT-3 [Modules] Streaming discord_krisp@1 to /home/cappra/.config/discord/0.0.116/modules/pending/discord_krisp-1.zip: 65%
11/27/2025, 4:03:08 PM GMT-3 [Modules] Streaming discord_krisp@1 to /home/cappra/.config/discord/0.0.116/modules/pending/discord_krisp-1.zip: 66%
11/27/2025, 4:03:08 PM GMT-3 [Modules] Streaming discord_krisp@1 to /home/cappra/.config/discord/0.0.116/modules/pending/discord_krisp-1.zip: 67%
11/27/2025, 4:03:09 PM GMT-3 [Modules] Streaming discord_krisp@1 to /home/cappra/.config/discord/0.0.116/modules/pending/discord_krisp-1.zip: 68%
11/27/2025, 4:03:09 PM GMT-3 [Modules] Streaming discord_krisp@1 to /home/cappra/.config/discord/0.0.116/modules/pending/discord_krisp-1.zip: 69%
11/27/2025, 4:03:09 PM GMT-3 [Modules] Streaming discord_krisp@1 to /home/cappra/.config/discord/0.0.116/modules/pending/discord_krisp-1.zip: 70%
11/27/2025, 4:03:09 PM GMT-3 [Modules] Streaming discord_krisp@1 to /home/cappra/.config/discord/0.0.116/modules/pending/discord_krisp-1.zip: 71%
11/27/2025, 4:03:09 PM GMT-3 [Modules] Streaming discord_krisp@1 to /home/cappra/.config/discord/0.0.116/modules/pending/discord_krisp-1.zip: 72%
11/27/2025, 4:03:09 PM GMT-3 [Modules] Streaming discord_krisp@1 to /home/cappra/.config/discord/0.0.116/modules/pending/discord_krisp-1.zip: 73%
11/27/2025, 4:03:09 PM GMT-3 [Modules] Streaming discord_krisp@1 to /home/cappra/.config/discord/0.0.116/modules/pending/discord_krisp-1.zip: 74%
11/27/2025, 4:03:09 PM GMT-3 [Modules] Streaming discord_krisp@1 to /home/cappra/.config/discord/0.0.116/modules/pending/discord_krisp-1.zip: 75%
11/27/2025, 4:03:09 PM GMT-3 [Modules] Streaming discord_krisp@1 to /home/cappra/.config/discord/0.0.116/modules/pending/discord_krisp-1.zip: 76%
11/27/2025, 4:03:09 PM GMT-3 [Modules] Streaming discord_krisp@1 to /home/cappra/.config/discord/0.0.116/modules/pending/discord_krisp-1.zip: 77%
11/27/2025, 4:03:09 PM GMT-3 [Modules] Streaming discord_krisp@1 to /home/cappra/.config/discord/0.0.116/modules/pending/discord_krisp-1.zip: 78%
11/27/2025, 4:03:09 PM GMT-3 [Modules] Streaming discord_krisp@1 to /home/cappra/.config/discord/0.0.116/modules/pending/discord_krisp-1.zip: 79%
11/27/2025, 4:03:10 PM GMT-3 [Modules] Streaming discord_krisp@1 to /home/cappra/.config/discord/0.0.116/modules/pending/discord_krisp-1.zip: 80%
11/27/2025, 4:03:10 PM GMT-3 [Modules] Streaming discord_krisp@1 to /home/cappra/.config/discord/0.0.116/modules/pending/discord_krisp-1.zip: 81%
11/27/2025, 4:03:10 PM GMT-3 [Modules] Streaming discord_krisp@1 to /home/cappra/.config/discord/0.0.116/modules/pending/discord_krisp-1.zip: 82%
11/27/2025, 4:03:10 PM GMT-3 [Modules] Streaming discord_krisp@1 to /home/cappra/.config/discord/0.0.116/modules/pending/discord_krisp-1.zip: 83%
11/27/2025, 4:03:10 PM GMT-3 [Modules] Streaming discord_krisp@1 to /home/cappra/.config/discord/0.0.116/modules/pending/discord_krisp-1.zip: 84%
11/27/2025, 4:03:10 PM GMT-3 [Modules] Starting to install discord_rpc...
11/27/2025, 4:03:10 PM GMT-3 [Modules] Streaming discord_krisp@1 to /home/cappra/.config/discord/0.0.116/modules/pending/discord_krisp-1.zip: 85%
11/27/2025, 4:03:10 PM GMT-3 [Modules] Streaming discord_krisp@1 to /home/cappra/.config/discord/0.0.116/modules/pending/discord_krisp-1.zip: 86%
11/27/2025, 4:03:10 PM GMT-3 [Modules] Streaming discord_krisp@1 to /home/cappra/.config/discord/0.0.116/modules/pending/discord_krisp-1.zip: 87%
11/27/2025, 4:03:10 PM GMT-3 [Modules] Streaming discord_krisp@1 to /home/cappra/.config/discord/0.0.116/modules/pending/discord_krisp-1.zip: 88%
11/27/2025, 4:03:10 PM GMT-3 [Modules] Streaming discord_krisp@1 to /home/cappra/.config/discord/0.0.116/modules/pending/discord_krisp-1.zip: 89%
11/27/2025, 4:03:10 PM GMT-3 [Modules] Streaming discord_krisp@1 to /home/cappra/.config/discord/0.0.116/modules/pending/discord_krisp-1.zip: 90%
11/27/2025, 4:03:11 PM GMT-3 [Modules] Streaming discord_krisp@1 to /home/cappra/.config/discord/0.0.116/modules/pending/discord_krisp-1.zip: 91%
11/27/2025, 4:03:11 PM GMT-3 [Modules] Streaming discord_krisp@1 to /home/cappra/.config/discord/0.0.116/modules/pending/discord_krisp-1.zip: 92%
11/27/2025, 4:03:11 PM GMT-3 [Modules] Streaming discord_krisp@1 to /home/cappra/.config/discord/0.0.116/modules/pending/discord_krisp-1.zip: 93%
11/27/2025, 4:03:11 PM GMT-3 [Modules] Streaming discord_krisp@1 to /home/cappra/.config/discord/0.0.116/modules/pending/discord_krisp-1.zip: 94%
11/27/2025, 4:03:11 PM GMT-3 [Modules] Streaming discord_krisp@1 to /home/cappra/.config/discord/0.0.116/modules/pending/discord_krisp-1.zip: 95%
11/27/2025, 4:03:11 PM GMT-3 [Modules] Streaming discord_krisp@1 to /home/cappra/.config/discord/0.0.116/modules/pending/discord_krisp-1.zip: 96%
11/27/2025, 4:03:11 PM GMT-3 [Modules] Streaming discord_krisp@1 to /home/cappra/.config/discord/0.0.116/modules/pending/discord_krisp-1.zip: 97%
11/27/2025, 4:03:11 PM GMT-3 [Modules] Streaming discord_krisp@1 to /home/cappra/.config/discord/0.0.116/modules/pending/discord_krisp-1.zip: 98%
11/27/2025, 4:03:11 PM GMT-3 [Modules] Streaming discord_krisp@1 to /home/cappra/.config/discord/0.0.116/modules/pending/discord_krisp-1.zip: 99%
11/27/2025, 4:03:11 PM GMT-3 [Modules] Streaming discord_krisp@1 to /home/cappra/.config/discord/0.0.116/modules/pending/discord_krisp-1.zip: 100%
11/27/2025, 4:03:11 PM GMT-3 [Modules] Fetching discord_game_utils@1 from https://discord.com/api/modules/stable/discord_game_utils/1
11/27/2025, 4:03:11 PM GMT-3 [Modules] Streaming discord_game_utils@1 to /home/cappra/.config/discord/0.0.116/modules/pending/discord_game_utils-1.zip
11/27/2025, 4:03:11 PM GMT-3 [Modules] Installing discord_krisp@1 from /home/cappra/.config/discord/0.0.116/modules/pending/discord_krisp-1.zip
11/27/2025, 4:03:12 PM GMT-3 [Modules] Streaming discord_game_utils@1 to /home/cappra/.config/discord/0.0.116/modules/pending/discord_game_utils-1.zip: 1%
11/27/2025, 4:03:12 PM GMT-3 [Modules] Streaming discord_game_utils@1 to /home/cappra/.config/discord/0.0.116/modules/pending/discord_game_utils-1.zip: 2%
11/27/2025, 4:03:12 PM GMT-3 [Modules] Streaming discord_game_utils@1 to /home/cappra/.config/discord/0.0.116/modules/pending/discord_game_utils-1.zip: 3%
11/27/2025, 4:03:12 PM GMT-3 [Modules] Streaming discord_game_utils@1 to /home/cappra/.config/discord/0.0.116/modules/pending/discord_game_utils-1.zip: 4%
11/27/2025, 4:03:12 PM GMT-3 [Modules] Streaming discord_game_utils@1 to /home/cappra/.config/discord/0.0.116/modules/pending/discord_game_utils-1.zip: 5%
11/27/2025, 4:03:12 PM GMT-3 [Modules] Streaming discord_game_utils@1 to /home/cappra/.config/discord/0.0.116/modules/pending/discord_game_utils-1.zip: 6%
11/27/2025, 4:03:12 PM GMT-3 [Modules] Streaming discord_game_utils@1 to /home/cappra/.config/discord/0.0.116/modules/pending/discord_game_utils-1.zip: 7%
11/27/2025, 4:03:12 PM GMT-3 [Modules] Streaming discord_game_utils@1 to /home/cappra/.config/discord/0.0.116/modules/pending/discord_game_utils-1.zip: 8%
11/27/2025, 4:03:12 PM GMT-3 [Modules] Streaming discord_game_utils@1 to /home/cappra/.config/discord/0.0.116/modules/pending/discord_game_utils-1.zip: 9%
11/27/2025, 4:03:12 PM GMT-3 [Modules] Streaming discord_game_utils@1 to /home/cappra/.config/discord/0.0.116/modules/pending/discord_game_utils-1.zip: 10%
11/27/2025, 4:03:12 PM GMT-3 [Modules] Streaming discord_game_utils@1 to /home/cappra/.config/discord/0.0.116/modules/pending/discord_game_utils-1.zip: 11%
11/27/2025, 4:03:12 PM GMT-3 [Modules] Streaming discord_game_utils@1 to /home/cappra/.config/discord/0.0.116/modules/pending/discord_game_utils-1.zip: 12%
11/27/2025, 4:03:12 PM GMT-3 [Modules] Streaming discord_game_utils@1 to /home/cappra/.config/discord/0.0.116/modules/pending/discord_game_utils-1.zip: 13%
11/27/2025, 4:03:12 PM GMT-3 [Modules] Streaming discord_game_utils@1 to /home/cappra/.config/discord/0.0.116/modules/pending/discord_game_utils-1.zip: 14%
11/27/2025, 4:03:12 PM GMT-3 [Modules] Streaming discord_game_utils@1 to /home/cappra/.config/discord/0.0.116/modules/pending/discord_game_utils-1.zip: 15%
11/27/2025, 4:03:12 PM GMT-3 [Modules] Streaming discord_game_utils@1 to /home/cappra/.config/discord/0.0.116/modules/pending/discord_game_utils-1.zip: 17%
11/27/2025, 4:03:12 PM GMT-3 [Modules] Streaming discord_game_utils@1 to /home/cappra/.config/discord/0.0.116/modules/pending/discord_game_utils-1.zip: 18%
11/27/2025, 4:03:12 PM GMT-3 [Modules] Streaming discord_game_utils@1 to /home/cappra/.config/discord/0.0.116/modules/pending/discord_game_utils-1.zip: 19%
11/27/2025, 4:03:12 PM GMT-3 [Modules] Streaming discord_game_utils@1 to /home/cappra/.config/discord/0.0.116/modules/pending/discord_game_utils-1.zip: 20%
11/27/2025, 4:03:12 PM GMT-3 [Modules] Streaming discord_game_utils@1 to /home/cappra/.config/discord/0.0.116/modules/pending/discord_game_utils-1.zip: 21%
11/27/2025, 4:03:12 PM GMT-3 [Modules] Streaming discord_game_utils@1 to /home/cappra/.config/discord/0.0.116/modules/pending/discord_game_utils-1.zip: 22%
11/27/2025, 4:03:12 PM GMT-3 [Modules] Streaming discord_game_utils@1 to /home/cappra/.config/discord/0.0.116/modules/pending/discord_game_utils-1.zip: 23%
11/27/2025, 4:03:12 PM GMT-3 [Modules] Streaming discord_game_utils@1 to /home/cappra/.config/discord/0.0.116/modules/pending/discord_game_utils-1.zip: 24%
11/27/2025, 4:03:12 PM GMT-3 [Modules] Streaming discord_game_utils@1 to /home/cappra/.config/discord/0.0.116/modules/pending/discord_game_utils-1.zip: 25%
11/27/2025, 4:03:12 PM GMT-3 [Modules] Streaming discord_game_utils@1 to /home/cappra/.config/discord/0.0.116/modules/pending/discord_game_utils-1.zip: 26%
11/27/2025, 4:03:12 PM GMT-3 [Modules] Streaming discord_game_utils@1 to /home/cappra/.config/discord/0.0.116/modules/pending/discord_game_utils-1.zip: 28%
11/27/2025, 4:03:12 PM GMT-3 [Modules] Streaming discord_game_utils@1 to /home/cappra/.config/discord/0.0.116/modules/pending/discord_game_utils-1.zip: 30%
11/27/2025, 4:03:12 PM GMT-3 [Modules] Streaming discord_game_utils@1 to /home/cappra/.config/discord/0.0.116/modules/pending/discord_game_utils-1.zip: 31%
11/27/2025, 4:03:12 PM GMT-3 [Modules] Streaming discord_game_utils@1 to /home/cappra/.config/discord/0.0.116/modules/pending/discord_game_utils-1.zip: 32%
11/27/2025, 4:03:12 PM GMT-3 [Modules] Streaming discord_game_utils@1 to /home/cappra/.config/discord/0.0.116/modules/pending/discord_game_utils-1.zip: 33%
11/27/2025, 4:03:12 PM GMT-3 [Modules] Streaming discord_game_utils@1 to /home/cappra/.config/discord/0.0.116/modules/pending/discord_game_utils-1.zip: 34%
11/27/2025, 4:03:12 PM GMT-3 [Modules] Streaming discord_game_utils@1 to /home/cappra/.config/discord/0.0.116/modules/pending/discord_game_utils-1.zip: 35%
11/27/2025, 4:03:12 PM GMT-3 [Modules] Streaming discord_game_utils@1 to /home/cappra/.config/discord/0.0.116/modules/pending/discord_game_utils-1.zip: 36%
11/27/2025, 4:03:12 PM GMT-3 [Modules] Streaming discord_game_utils@1 to /home/cappra/.config/discord/0.0.116/modules/pending/discord_game_utils-1.zip: 37%
11/27/2025, 4:03:12 PM GMT-3 [Modules] Streaming discord_game_utils@1 to /home/cappra/.config/discord/0.0.116/modules/pending/discord_game_utils-1.zip: 38%
11/27/2025, 4:03:12 PM GMT-3 [Modules] Streaming discord_game_utils@1 to /home/cappra/.config/discord/0.0.116/modules/pending/discord_game_utils-1.zip: 40%
11/27/2025, 4:03:12 PM GMT-3 [Modules] Streaming discord_game_utils@1 to /home/cappra/.config/discord/0.0.116/modules/pending/discord_game_utils-1.zip: 43%
11/27/2025, 4:03:12 PM GMT-3 [Modules] Streaming discord_game_utils@1 to /home/cappra/.config/discord/0.0.116/modules/pending/discord_game_utils-1.zip: 45%
11/27/2025, 4:03:12 PM GMT-3 [Modules] Streaming discord_game_utils@1 to /home/cappra/.config/discord/0.0.116/modules/pending/discord_game_utils-1.zip: 47%
11/27/2025, 4:03:12 PM GMT-3 [Modules] Streaming discord_game_utils@1 to /home/cappra/.config/discord/0.0.116/modules/pending/discord_game_utils-1.zip: 51%
11/27/2025, 4:03:12 PM GMT-3 [Modules] Streaming discord_game_utils@1 to /home/cappra/.config/discord/0.0.116/modules/pending/discord_game_utils-1.zip: 58%
11/27/2025, 4:03:12 PM GMT-3 [Modules] Streaming discord_game_utils@1 to /home/cappra/.config/discord/0.0.116/modules/pending/discord_game_utils-1.zip: 60%
11/27/2025, 4:03:12 PM GMT-3 [Modules] Streaming discord_game_utils@1 to /home/cappra/.config/discord/0.0.116/modules/pending/discord_game_utils-1.zip: 65%
11/27/2025, 4:03:12 PM GMT-3 [Modules] Streaming discord_game_utils@1 to /home/cappra/.config/discord/0.0.116/modules/pending/discord_game_utils-1.zip: 69%
11/27/2025, 4:03:12 PM GMT-3 [Modules] Streaming discord_game_utils@1 to /home/cappra/.config/discord/0.0.116/modules/pending/discord_game_utils-1.zip: 73%
11/27/2025, 4:03:12 PM GMT-3 [Modules] Streaming discord_game_utils@1 to /home/cappra/.config/discord/0.0.116/modules/pending/discord_game_utils-1.zip: 74%
11/27/2025, 4:03:12 PM GMT-3 [Modules] Streaming discord_game_utils@1 to /home/cappra/.config/discord/0.0.116/modules/pending/discord_game_utils-1.zip: 75%
11/27/2025, 4:03:12 PM GMT-3 [Modules] Streaming discord_game_utils@1 to /home/cappra/.config/discord/0.0.116/modules/pending/discord_game_utils-1.zip: 80%
11/27/2025, 4:03:12 PM GMT-3 [Modules] Streaming discord_game_utils@1 to /home/cappra/.config/discord/0.0.116/modules/pending/discord_game_utils-1.zip: 84%
11/27/2025, 4:03:12 PM GMT-3 [Modules] Streaming discord_game_utils@1 to /home/cappra/.config/discord/0.0.116/modules/pending/discord_game_utils-1.zip: 91%
11/27/2025, 4:03:12 PM GMT-3 [Modules] Streaming discord_game_utils@1 to /home/cappra/.config/discord/0.0.116/modules/pending/discord_game_utils-1.zip: 92%
11/27/2025, 4:03:12 PM GMT-3 [Modules] Streaming discord_game_utils@1 to /home/cappra/.config/discord/0.0.116/modules/pending/discord_game_utils-1.zip: 93%
11/27/2025, 4:03:12 PM GMT-3 [Modules] Streaming discord_game_utils@1 to /home/cappra/.config/discord/0.0.116/modules/pending/discord_game_utils-1.zip: 94%
11/27/2025, 4:03:12 PM GMT-3 [Modules] Streaming discord_game_utils@1 to /home/cappra/.config/discord/0.0.116/modules/pending/discord_game_utils-1.zip: 95%
11/27/2025, 4:03:12 PM GMT-3 [Modules] Streaming discord_game_utils@1 to /home/cappra/.config/discord/0.0.116/modules/pending/discord_game_utils-1.zip: 96%
11/27/2025, 4:03:12 PM GMT-3 [Modules] Streaming discord_game_utils@1 to /home/cappra/.config/discord/0.0.116/modules/pending/discord_game_utils-1.zip: 99%
11/27/2025, 4:03:12 PM GMT-3 [Modules] Streaming discord_game_utils@1 to /home/cappra/.config/discord/0.0.116/modules/pending/discord_game_utils-1.zip: 100%
11/27/2025, 4:03:12 PM GMT-3 [Modules] Fetching discord_rpc@1 from https://discord.com/api/modules/stable/discord_rpc/1
11/27/2025, 4:03:12 PM GMT-3 [Modules] Streaming discord_rpc@1 to /home/cappra/.config/discord/0.0.116/modules/pending/discord_rpc-1.zip
11/27/2025, 4:03:13 PM GMT-3 [Modules] Streaming discord_rpc@1 to /home/cappra/.config/discord/0.0.116/modules/pending/discord_rpc-1.zip: 5%
11/27/2025, 4:03:13 PM GMT-3 [Modules] Streaming discord_rpc@1 to /home/cappra/.config/discord/0.0.116/modules/pending/discord_rpc-1.zip: 50%
11/27/2025, 4:03:13 PM GMT-3 [Modules] Streaming discord_rpc@1 to /home/cappra/.config/discord/0.0.116/modules/pending/discord_rpc-1.zip: 91%
11/27/2025, 4:03:13 PM GMT-3 [Modules] Streaming discord_rpc@1 to /home/cappra/.config/discord/0.0.116/modules/pending/discord_rpc-1.zip: 100%
11/27/2025, 4:03:13 PM GMT-3 [Modules] Finished module downloads. [success: 3] [failure: 0]
11/27/2025, 4:03:13 PM GMT-3 [Modules] Installing discord_game_utils@1 from /home/cappra/.config/discord/0.0.116/modules/pending/discord_game_utils-1.zip
11/27/2025, 4:03:14 PM GMT-3 [Modules] Installing discord_rpc@1 from /home/cappra/.config/discord/0.0.116/modules/pending/discord_rpc-1.zip
11/27/2025, 4:03:14 PM GMT-3 [Modules] Finished module installations. [success: 3] [failure: 0]
11/27/2025, 4:08:18 PM GMT-3 [Modules] Checking for host updates.
11/27/2025, 4:08:19 PM GMT-3 [Modules] Host is up to date.
11/27/2025, 4:08:19 PM GMT-3 [Modules] Checking for module updates at https://discord.com/api/modules/stable/versions.json
11/27/2025, 4:08:19 PM GMT-3 [Modules] No module updates available.
